Initialized native services in: C:\Users\lcr20\.gradle\native
The client will now receive all logging from the daemon (pid: 4324). The daemon log file: C:\Users\lcr20\.gradle\daemon\4.6\daemon-4324.out.log
Starting 21st build in daemon [uptime: 1 hrs 2 mins 8.956 secs, performance: 100%]
Using 16 worker leases.
Starting Build
Settings evaluated using settings file 'D:\Users\MyProjects\MyStardewGame\proj.android\settings.gradle'.
Projects loaded. Root project using build file 'D:\Users\MyProjects\MyStardewGame\proj.android\build.gradle'.
Included projects: [root project 'proj.android', project ':libcocos2dx', project ':MyStardewGame']
Evaluating root project 'proj.android' using build file 'D:\Users\MyProjects\MyStardewGame\proj.android\build.gradle'.
Evaluating project ':libcocos2dx' using build file 'D:\Users\MyProjects\MyStardewGame\cocos2d\cocos\platform\android\libcocos2dx\build.gradle'.
Creating configuration androidTestUtil
Creating configuration compile
Creating configuration publish
Creating configuration provided
Creating configuration api
Creating configuration implementation
Creating configuration runtimeOnly
Creating configuration compileOnly
Creating configuration wearApp
Creating configuration annotationProcessor
Creating configuration androidTestCompile
Creating configuration androidTestPublish
Creating configuration androidTestProvided
Creating configuration androidTestApi
Creating configuration androidTestImplementation
Creating configuration androidTestRuntimeOnly
Creating configuration androidTestCompileOnly
Creating configuration androidTestWearApp
Creating configuration androidTestAnnotationProcessor
Creating configuration testCompile
Creating configuration testPublish
Creating configuration testProvided
Creating configuration testApi
Creating configuration testImplementation
Creating configuration testRuntimeOnly
Creating configuration testCompileOnly
Creating configuration testWearApp
Creating configuration testAnnotationProcessor
Creating configuration debugCompile
Creating configuration debugPublish
Creating configuration debugProvided
Creating configuration debugApi
Creating configuration debugImplementation
Creating configuration debugRuntimeOnly
Creating configuration debugCompileOnly
Creating configuration debugWearApp
Creating configuration debugAnnotationProcessor
Creating configuration androidTestDebugCompile
Creating configuration androidTestDebugPublish
Creating configuration androidTestDebugProvided
Creating configuration androidTestDebugApi
Creating configuration androidTestDebugImplementation
Creating configuration androidTestDebugRuntimeOnly
Creating configuration androidTestDebugCompileOnly
Creating configuration androidTestDebugWearApp
Creating configuration androidTestDebugAnnotationProcessor
Creating configuration testDebugCompile
Creating configuration testDebugPublish
Creating configuration testDebugProvided
Creating configuration testDebugApi
Creating configuration testDebugImplementation
Creating configuration testDebugRuntimeOnly
Creating configuration testDebugCompileOnly
Creating configuration testDebugWearApp
Creating configuration testDebugAnnotationProcessor
Creating configuration releaseCompile
Creating configuration releasePublish
Creating configuration releaseProvided
Creating configuration releaseApi
Creating configuration releaseImplementation
Creating configuration releaseRuntimeOnly
Creating configuration releaseCompileOnly
Creating configuration releaseWearApp
Creating configuration releaseAnnotationProcessor
Creating configuration testReleaseCompile
Creating configuration testReleasePublish
Creating configuration testReleaseProvided
Creating configuration testReleaseApi
Creating configuration testReleaseImplementation
Creating configuration testReleaseRuntimeOnly
Creating configuration testReleaseCompileOnly
Creating configuration testReleaseWearApp
Creating configuration testReleaseAnnotationProcessor
Parsing the SDK, no caching allowed
SDK initialized in 525 ms
Using incremental javac compilation for :libcocos2dx debug.
Using incremental javac compilation for :libcocos2dx debugUnitTest.
Using incremental javac compilation for :libcocos2dx release.
Using incremental javac compilation for :libcocos2dx releaseUnitTest.
Using incremental javac compilation for :libcocos2dx debugAndroidTest.
Evaluating project ':MyStardewGame' using build file 'D:\Users\MyProjects\MyStardewGame\proj.android\app\build.gradle'.
Creating configuration androidTestUtil
Creating configuration compile
Creating configuration apk
Creating configuration provided
Creating configuration api
Creating configuration implementation
Creating configuration runtimeOnly
Creating configuration compileOnly
Creating configuration wearApp
Creating configuration annotationProcessor
Creating configuration androidTestCompile
Creating configuration androidTestApk
Creating configuration androidTestProvided
Creating configuration androidTestApi
Creating configuration androidTestImplementation
Creating configuration androidTestRuntimeOnly
Creating configuration androidTestCompileOnly
Creating configuration androidTestWearApp
Creating configuration androidTestAnnotationProcessor
Creating configuration testCompile
Creating configuration testApk
Creating configuration testProvided
Creating configuration testApi
Creating configuration testImplementation
Creating configuration testRuntimeOnly
Creating configuration testCompileOnly
Creating configuration testWearApp
Creating configuration testAnnotationProcessor
Creating configuration debugCompile
Creating configuration debugApk
Creating configuration debugProvided
Creating configuration debugApi
Creating configuration debugImplementation
Creating configuration debugRuntimeOnly
Creating configuration debugCompileOnly
Creating configuration debugWearApp
Creating configuration debugAnnotationProcessor
Creating configuration androidTestDebugCompile
Creating configuration androidTestDebugApk
Creating configuration androidTestDebugProvided
Creating configuration androidTestDebugApi
Creating configuration androidTestDebugImplementation
Creating configuration androidTestDebugRuntimeOnly
Creating configuration androidTestDebugCompileOnly
Creating configuration androidTestDebugWearApp
Creating configuration androidTestDebugAnnotationProcessor
Creating configuration testDebugCompile
Creating configuration testDebugApk
Creating configuration testDebugProvided
Creating configuration testDebugApi
Creating configuration testDebugImplementation
Creating configuration testDebugRuntimeOnly
Creating configuration testDebugCompileOnly
Creating configuration testDebugWearApp
Creating configuration testDebugAnnotationProcessor
Creating configuration releaseCompile
Creating configuration releaseApk
Creating configuration releaseProvided
Creating configuration releaseApi
Creating configuration releaseImplementation
Creating configuration releaseRuntimeOnly
Creating configuration releaseCompileOnly
Creating configuration releaseWearApp
Creating configuration releaseAnnotationProcessor
Creating configuration testReleaseCompile
Creating configuration testReleaseApk
Creating configuration testReleaseProvided
Creating configuration testReleaseApi
Creating configuration testReleaseImplementation
Creating configuration testReleaseRuntimeOnly
Creating configuration testReleaseCompileOnly
Creating configuration testReleaseWearApp
Creating configuration testReleaseAnnotationProcessor
Parsing the SDK, no caching allowed
SDK initialized in 0 ms
Support for CMake 3.7 and higher is a preview feature. To report a bug, see https://developer.android.com/studio/report-bugs.html
Using incremental javac compilation for :MyStardewGame debug.
Using incremental javac compilation for :MyStardewGame debugUnitTest.
Support for CMake 3.7 and higher is a preview feature. To report a bug, see https://developer.android.com/studio/report-bugs.html
Using incremental javac compilation for :MyStardewGame release.
Using incremental javac compilation for :MyStardewGame releaseUnitTest.
Using incremental javac compilation for :MyStardewGame debugAndroidTest.
All projects evaluated.
Selected primary task 'assembleDebug' from project :
Tasks to be executed: [task ':libcocos2dx:preBuild', task ':libcocos2dx:preDebugBuild', task ':libcocos2dx:compileDebugAidl', task ':libcocos2dx:compileDebugRenderscript', task ':libcocos2dx:checkDebugManifest', task ':libcocos2dx:generateDebugBuildConfig', task ':libcocos2dx:generateDebugResValues', task ':libcocos2dx:generateDebugResources', task ':libcocos2dx:packageDebugResources', task ':libcocos2dx:platformAttrExtractor', task ':libcocos2dx:processDebugManifest', task ':libcocos2dx:generateDebugRFile', task ':libcocos2dx:prepareLintJar', task ':libcocos2dx:generateDebugSources', task ':libcocos2dx:javaPreCompileDebug', task ':libcocos2dx:compileDebugJavaWithJavac', task ':libcocos2dx:extractDebugAnnotations', task ':libcocos2dx:mergeDebugConsumerProguardFiles', task ':libcocos2dx:mergeDebugShaders', task ':libcocos2dx:compileDebugShaders', task ':libcocos2dx:generateDebugAssets', task ':libcocos2dx:packageDebugAssets', task ':libcocos2dx:packageDebugRenderscript', task ':libcocos2dx:processDebugJavaRes', task ':libcocos2dx:transformResourcesWithMergeJavaResForDebug', task ':libcocos2dx:transformClassesAndResourcesWithSyncLibJarsForDebug', task ':libcocos2dx:compileDebugNdk', task ':libcocos2dx:mergeDebugJniLibFolders', task ':libcocos2dx:transformNativeLibsWithMergeJniLibsForDebug', task ':libcocos2dx:transformNativeLibsWithStripDebugSymbolForDebug', task ':libcocos2dx:transformNativeLibsWithSyncJniLibsForDebug', task ':libcocos2dx:bundleDebug', task ':libcocos2dx:compileDebugSources', task ':libcocos2dx:assembleDebug', task ':libcocos2dx:transformClassesAndResourcesWithPrepareIntermediateJarsForDebug', task ':MyStardewGame:preBuild', task ':MyStardewGame:preDebugBuild', task ':MyStardewGame:compileDebugAidl', task ':MyStardewGame:compileDebugRenderscript', task ':MyStardewGame:checkDebugManifest', task ':MyStardewGame:generateDebugBuildConfig', task ':MyStardewGame:prepareLintJar', task ':MyStardewGame:mainApkListPersistenceDebug', task ':MyStardewGame:generateDebugResValues', task ':MyStardewGame:generateDebugResources', task ':MyStardewGame:mergeDebugResources', task ':MyStardewGame:createDebugCompatibleScreenManifests', task ':MyStardewGame:processDebugManifest', task ':MyStardewGame:splitsDiscoveryTaskDebug', task ':MyStardewGame:processDebugResources', task ':MyStardewGame:generateDebugSources', task ':MyStardewGame:javaPreCompileDebug', task ':MyStardewGame:compileDebugJavaWithJavac', task ':MyStardewGame:generateJsonModelDebug', task ':MyStardewGame:externalNativeBuildDebug', task ':MyStardewGame:compileDebugSources', task ':MyStardewGame:mergeDebugShaders', task ':MyStardewGame:compileDebugShaders', task ':MyStardewGame:generateDebugAssets', task ':MyStardewGame:mergeDebugAssets', task ':MyStardewGame:transformClassesWithDexBuilderForDebug', task ':MyStardewGame:transformDexArchiveWithExternalLibsDexMergerForDebug', task ':MyStardewGame:transformDexArchiveWithDexMergerForDebug', task ':libcocos2dx:transformNativeLibsWithIntermediateJniLibsForDebug', task ':MyStardewGame:mergeDebugJniLibFolders', task ':MyStardewGame:transformNativeLibsWithMergeJniLibsForDebug', task ':MyStardewGame:transformNativeLibsWithStripDebugSymbolForDebug', task ':MyStardewGame:processDebugJavaRes', task ':MyStardewGame:transformResourcesWithMergeJavaResForDebug', task ':MyStardewGame:validateSigningDebug', task ':MyStardewGame:packageDebug', task ':MyStardewGame:assembleDebug']
:libcocos2dx:preBuild (Thread[Task worker for ':',5,main]) started.
:libcocos2dx:preBuild
Skipping task ':libcocos2dx:preBuild' as it has no actions.
:libcocos2dx:preBuild UP-TO-DATE
:libcocos2dx:preBuild (Thread[Task worker for ':',5,main]) completed. Took 0.0 secs.
:libcocos2dx:preDebugBuild (Thread[Task worker for ':' Thread 12,5,main]) started.
:libcocos2dx:preDebugBuild
Skipping task ':libcocos2dx:preDebugBuild' as it has no actions.
:libcocos2dx:preDebugBuild UP-TO-DATE
:libcocos2dx:preDebugBuild (Thread[Task worker for ':' Thread 12,5,main]) completed. Took 0.0 secs.
:libcocos2dx:compileDebugAidl (Thread[Task worker for ':' Thread 12,5,main]) started.
:libcocos2dx:compileDebugAidl
Task ':libcocos2dx:compileDebugAidl' is not up-to-date because:
  Output property 'incrementalFolder' file D:\Users\MyProjects\MyStardewGame\cocos2d\cocos\platform\android\libcocos2dx\build\intermediates\incremental\compileDebugAidl has been removed.
  Output property 'incrementalFolder' file D:\Users\MyProjects\MyStardewGame\cocos2d\cocos\platform\android\libcocos2dx\build\intermediates\incremental\compileDebugAidl\dependency.store has been removed.
  Output property 'packagedDir' file D:\Users\MyProjects\MyStardewGame\cocos2d\cocos\platform\android\libcocos2dx\build\intermediates\packaged-aidl\debug has been removed.
All input files are considered out-of-date for incremental task ':libcocos2dx:compileDebugAidl'.
Unable do incremental execution: full task run
Starting process 'command 'D:\Users\AndroidSDK\Sdk\build-tools\27.0.3\aidl.exe''. Working directory: D:\Users\MyProjects\MyStardewGame\cocos2d\cocos\platform\android\libcocos2dx Command: D:\Users\AndroidSDK\Sdk\build-tools\27.0.3\aidl.exe -pD:\Users\AndroidSDK\Sdk\platforms\android-28\framework.aidl -oD:\Users\MyProjects\MyStardewGame\cocos2d\cocos\platform\android\libcocos2dx\build\generated\source\aidl\debug -ID:\Users\MyProjects\MyStardewGame\cocos2d\cocos\platform\android\libcocos2dx\src\main\aidl -ID:\Users\MyProjects\MyStardewGame\cocos2d\cocos\platform\android\java\src -ID:\Users\MyProjects\MyStardewGame\cocos2d\cocos\platform\android\libcocos2dx\src\debug\aidl -dC:\Users\lcr20\AppData\Local\Temp\aidl3813631495567415463.d D:\Users\MyProjects\MyStardewGame\cocos2d\cocos\platform\android\java\src\com\enhance\gameservice\IGameTuningService.aidl
Successfully started process 'command 'D:\Users\AndroidSDK\Sdk\build-tools\27.0.3\aidl.exe''
:libcocos2dx:compileDebugAidl (Thread[Task worker for ':' Thread 12,5,main]) completed. Took 0.145 secs.
:libcocos2dx:compileDebugRenderscript (Thread[Task worker for ':' Thread 12,5,main]) started.
:libcocos2dx:compileDebugRenderscript
Task ':libcocos2dx:compileDebugRenderscript' is not up-to-date because:
  Output property 'libOutputDir' file D:\Users\MyProjects\MyStardewGame\cocos2d\cocos\platform\android\libcocos2dx\build\intermediates\rs\debug\lib has been removed.
  Output property 'objOutputDir' file D:\Users\MyProjects\MyStardewGame\cocos2d\cocos\platform\android\libcocos2dx\build\intermediates\rs\debug\obj has been removed.
  Output property 'resOutputDir' file D:\Users\MyProjects\MyStardewGame\cocos2d\cocos\platform\android\libcocos2dx\build\generated\res\rs\debug has been removed.
:libcocos2dx:compileDebugRenderscript (Thread[Task worker for ':' Thread 12,5,main]) completed. Took 0.007 secs.
:libcocos2dx:checkDebugManifest (Thread[Task worker for ':' Thread 12,5,main]) started.
:libcocos2dx:checkDebugManifest
Task ':libcocos2dx:checkDebugManifest' is not up-to-date because:
  Output property 'fakeOutputDir' file D:\Users\MyProjects\MyStardewGame\cocos2d\cocos\platform\android\libcocos2dx\build\intermediates\check-manifest\debug has been removed.
:libcocos2dx:checkDebugManifest (Thread[Task worker for ':' Thread 12,5,main]) completed. Took 0.001 secs.
:libcocos2dx:generateDebugBuildConfig (Thread[Task worker for ':' Thread 12,5,main]) started.
:libcocos2dx:generateDebugBuildConfig
Task ':libcocos2dx:generateDebugBuildConfig' is not up-to-date because:
  Output property 'sourceOutputDir' file D:\Users\MyProjects\MyStardewGame\cocos2d\cocos\platform\android\libcocos2dx\build\generated\source\buildConfig\debug has been removed.
  Output property 'sourceOutputDir' file D:\Users\MyProjects\MyStardewGame\cocos2d\cocos\platform\android\libcocos2dx\build\generated\source\buildConfig\debug\org has been removed.
  Output property 'sourceOutputDir' file D:\Users\MyProjects\MyStardewGame\cocos2d\cocos\platform\android\libcocos2dx\build\generated\source\buildConfig\debug\org\cocos2dx has been removed.
:libcocos2dx:generateDebugBuildConfig (Thread[Task worker for ':' Thread 12,5,main]) completed. Took 0.007 secs.
:libcocos2dx:generateDebugResValues (Thread[Task worker for ':' Thread 12,5,main]) started.
:libcocos2dx:generateDebugResValues
Task ':libcocos2dx:generateDebugResValues' is not up-to-date because:
  Output property 'resOutputDir' file D:\Users\MyProjects\MyStardewGame\cocos2d\cocos\platform\android\libcocos2dx\build\generated\res\resValues\debug has been removed.
:libcocos2dx:generateDebugResValues (Thread[Task worker for ':' Thread 12,5,main]) completed. Took 0.001 secs.
:libcocos2dx:generateDebugResources (Thread[Task worker for ':' Thread 12,5,main]) started.
:libcocos2dx:generateDebugResources
Skipping task ':libcocos2dx:generateDebugResources' as it has no actions.
:libcocos2dx:generateDebugResources (Thread[Task worker for ':' Thread 12,5,main]) completed. Took 0.0 secs.
:libcocos2dx:packageDebugResources (Thread[Task worker for ':' Thread 12,5,main]) started.
:libcocos2dx:packageDebugResources
Task ':libcocos2dx:packageDebugResources' is not up-to-date because:
  Output property 'generatedPngsOutputDir' file D:\Users\MyProjects\MyStardewGame\cocos2d\cocos\platform\android\libcocos2dx\build\generated\res\pngs\debug has been removed.
  Output property 'incrementalFolder' file D:\Users\MyProjects\MyStardewGame\cocos2d\cocos\platform\android\libcocos2dx\build\intermediates\incremental\packageDebugResources has been removed.
  Output property 'incrementalFolder' file D:\Users\MyProjects\MyStardewGame\cocos2d\cocos\platform\android\libcocos2dx\build\intermediates\incremental\packageDebugResources\aapt-temp has been removed.
All input files are considered out-of-date for incremental task ':libcocos2dx:packageDebugResources'.
Unable do incremental execution: full task run
:libcocos2dx:packageDebugResources (Thread[Task worker for ':' Thread 12,5,main]) completed. Took 0.01 secs.
:libcocos2dx:platformAttrExtractor (Thread[Task worker for ':' Thread 12,5,main]) started.
:libcocos2dx:platformAttrExtractor
Task ':libcocos2dx:platformAttrExtractor' is not up-to-date because:
  Output property 'output' file D:\Users\MyProjects\MyStardewGame\cocos2d\cocos\platform\android\libcocos2dx\build\intermediates\attr\R.txt has been removed.
:libcocos2dx:processDebugManifest (Thread[Task worker for ':' Thread 13,5,main]) started.
:libcocos2dx:processDebugManifest
Task ':libcocos2dx:processDebugManifest' is not up-to-date because:
  Output property 'aaptFriendlyManifestOutputDirectory' file D:\Users\MyProjects\MyStardewGame\cocos2d\cocos\platform\android\libcocos2dx\build\intermediates\manifests\aapt\debug has been removed.
  Output property 'aaptFriendlyManifestOutputDirectory' file D:\Users\MyProjects\MyStardewGame\cocos2d\cocos\platform\android\libcocos2dx\build\intermediates\manifests\aapt\debug\AndroidManifest.xml has been removed.
  Output property 'aaptFriendlyManifestOutputDirectory' file D:\Users\MyProjects\MyStardewGame\cocos2d\cocos\platform\android\libcocos2dx\build\intermediates\manifests\aapt\debug\output.json has been removed.
All input files are considered out-of-date for incremental task ':libcocos2dx:processDebugManifest'.
Unable do incremental execution: full task run
Merging main manifest D:\Users\MyProjects\MyStardewGame\cocos2d\cocos\platform\android\libcocos2dx\AndroidManifest.xml

Merging result: SUCCESS
1<?xml version="1.0" encoding="utf-8"?>
2<manifest xmlns:android="http://schemas.android.com/apk/res/android"
3    package="org.cocos2dx.lib"
4    android:versionCode="1"
5    android:versionName="1.0" >
6
7    <uses-sdk
8        android:minSdkVersion="16"
8-->D:\Users\MyProjects\MyStardewGame\cocos2d\cocos\platform\android\libcocos2dx\AndroidManifest.xml
9        android:targetSdkVersion="28" />
9-->D:\Users\MyProjects\MyStardewGame\cocos2d\cocos\platform\android\libcocos2dx\AndroidManifest.xml
10
11    <uses-permission android:name="android.permission.VIBRATE" />
11-->D:\Users\MyProjects\MyStardewGame\cocos2d\cocos\platform\android\libcocos2dx\AndroidManifest.xml:3:5-66
11-->D:\Users\MyProjects\MyStardewGame\cocos2d\cocos\platform\android\libcocos2dx\AndroidManifest.xml:3:22-63
12
13    <application android:allowBackup="true" >
13-->D:\Users\MyProjects\MyStardewGame\cocos2d\cocos\platform\android\libcocos2dx\AndroidManifest.xml:5:5-7:19
13-->D:\Users\MyProjects\MyStardewGame\cocos2d\cocos\platform\android\libcocos2dx\AndroidManifest.xml:5:18-44
14    </application>
15
16</manifest>

Merged manifest saved to D:\Users\MyProjects\MyStardewGame\cocos2d\cocos\platform\android\libcocos2dx\build\intermediates\manifests\full\debug\AndroidManifest.xml
:libcocos2dx:processDebugManifest (Thread[Task worker for ':' Thread 13,5,main]) completed. Took 0.021 secs.
:libcocos2dx:prepareLintJar (Thread[Task worker for ':' Thread 13,5,main]) started.
:libcocos2dx:prepareLintJar
Skipping task ':libcocos2dx:prepareLintJar' as it is up-to-date.
:libcocos2dx:prepareLintJar UP-TO-DATE
:libcocos2dx:prepareLintJar (Thread[Task worker for ':' Thread 13,5,main]) completed. Took 0.0 secs.
:libcocos2dx:javaPreCompileDebug (Thread[Task worker for ':' Thread 13,5,main]) started.
:libcocos2dx:javaPreCompileDebug
Task ':libcocos2dx:javaPreCompileDebug' is not up-to-date because:
  Output property 'processorListFile' file D:\Users\MyProjects\MyStardewGame\cocos2d\cocos\platform\android\libcocos2dx\build\intermediates\javaPrecompile\debug\annotationProcessors.json has been removed.
:libcocos2dx:javaPreCompileDebug (Thread[Task worker for ':' Thread 13,5,main]) completed. Took 0.007 secs.
:libcocos2dx:mergeDebugConsumerProguardFiles (Thread[Task worker for ':' Thread 13,5,main]) started.
:libcocos2dx:mergeDebugConsumerProguardFiles
Skipping task ':libcocos2dx:mergeDebugConsumerProguardFiles' as it is up-to-date.
:libcocos2dx:mergeDebugConsumerProguardFiles UP-TO-DATE
:libcocos2dx:mergeDebugConsumerProguardFiles (Thread[Task worker for ':' Thread 13,5,main]) completed. Took 0.0 secs.
:libcocos2dx:mergeDebugShaders (Thread[Task worker for ':' Thread 13,5,main]) started.
:libcocos2dx:mergeDebugShaders
Task ':libcocos2dx:mergeDebugShaders' is not up-to-date because:
  Output property 'incrementalFolder' file D:\Users\MyProjects\MyStardewGame\cocos2d\cocos\platform\android\libcocos2dx\build\intermediates\incremental\mergeDebugShaders has been removed.
  Output property 'incrementalFolder' file D:\Users\MyProjects\MyStardewGame\cocos2d\cocos\platform\android\libcocos2dx\build\intermediates\incremental\mergeDebugShaders\merger.xml has been removed.
  Output property 'outputDir' file D:\Users\MyProjects\MyStardewGame\cocos2d\cocos\platform\android\libcocos2dx\build\intermediates\shaders\debug has been removed.
All input files are considered out-of-date for incremental task ':libcocos2dx:mergeDebugShaders'.
Unable do incremental execution: full task run
:libcocos2dx:mergeDebugShaders (Thread[Task worker for ':' Thread 13,5,main]) completed. Took 0.005 secs.
:libcocos2dx:compileDebugShaders (Thread[Task worker for ':' Thread 13,5,main]) started.
:libcocos2dx:compileDebugShaders
Task ':libcocos2dx:compileDebugShaders' is not up-to-date because:
  Output property 'outputDir' file D:\Users\MyProjects\MyStardewGame\cocos2d\cocos\platform\android\libcocos2dx\build\generated\assets\shaders\debug has been removed.
:libcocos2dx:compileDebugShaders (Thread[Task worker for ':' Thread 13,5,main]) completed. Took 0.003 secs.
:libcocos2dx:generateDebugAssets (Thread[Task worker for ':' Thread 13,5,main]) started.
:libcocos2dx:generateDebugAssets
Skipping task ':libcocos2dx:generateDebugAssets' as it has no actions.
:libcocos2dx:generateDebugAssets (Thread[Task worker for ':' Thread 13,5,main]) completed. Took 0.0 secs.
:libcocos2dx:packageDebugAssets (Thread[Task worker for ':' Thread 13,5,main]) started.
:libcocos2dx:packageDebugAssets
Task ':libcocos2dx:packageDebugAssets' is not up-to-date because:
  Output property 'incrementalFolder' file D:\Users\MyProjects\MyStardewGame\cocos2d\cocos\platform\android\libcocos2dx\build\intermediates\incremental\packageDebugAssets has been removed.
  Output property 'incrementalFolder' file D:\Users\MyProjects\MyStardewGame\cocos2d\cocos\platform\android\libcocos2dx\build\intermediates\incremental\packageDebugAssets\merger.xml has been removed.
  Output property 'outputDir' file D:\Users\MyProjects\MyStardewGame\cocos2d\cocos\platform\android\libcocos2dx\build\intermediates\packagedAssets\debug has been removed.
All input files are considered out-of-date for incremental task ':libcocos2dx:packageDebugAssets'.
Unable do incremental execution: full task run
:libcocos2dx:packageDebugAssets (Thread[Task worker for ':' Thread 13,5,main]) completed. Took 0.006 secs.
:libcocos2dx:packageDebugRenderscript (Thread[Task worker for ':' Thread 13,5,main]) started.
:libcocos2dx:packageDebugRenderscript
Skipping task ':libcocos2dx:packageDebugRenderscript' as it has no source files and no previous output files.
:libcocos2dx:packageDebugRenderscript NO-SOURCE
:libcocos2dx:packageDebugRenderscript (Thread[Task worker for ':' Thread 13,5,main]) completed. Took 0.0 secs.
:libcocos2dx:processDebugJavaRes (Thread[Task worker for ':' Thread 13,5,main]) started.
:libcocos2dx:processDebugJavaRes
Skipping task ':libcocos2dx:processDebugJavaRes' as it has no source files and no previous output files.
:libcocos2dx:processDebugJavaRes NO-SOURCE
:libcocos2dx:processDebugJavaRes (Thread[Task worker for ':' Thread 13,5,main]) completed. Took 0.0 secs.
:libcocos2dx:compileDebugNdk (Thread[Task worker for ':' Thread 13,5,main]) started.
:libcocos2dx:compileDebugNdk
Skipping task ':libcocos2dx:compileDebugNdk' as it has no source files and no previous output files.
:libcocos2dx:compileDebugNdk NO-SOURCE
:libcocos2dx:compileDebugNdk (Thread[Task worker for ':' Thread 13,5,main]) completed. Took 0.0 secs.
:libcocos2dx:mergeDebugJniLibFolders (Thread[Task worker for ':' Thread 13,5,main]) started.
:libcocos2dx:mergeDebugJniLibFolders
Task ':libcocos2dx:mergeDebugJniLibFolders' is not up-to-date because:
  Output property 'incrementalFolder' file D:\Users\MyProjects\MyStardewGame\cocos2d\cocos\platform\android\libcocos2dx\build\intermediates\incremental\mergeDebugJniLibFolders has been removed.
  Output property 'incrementalFolder' file D:\Users\MyProjects\MyStardewGame\cocos2d\cocos\platform\android\libcocos2dx\build\intermediates\incremental\mergeDebugJniLibFolders\merger.xml has been removed.
  Output property 'outputDir' file D:\Users\MyProjects\MyStardewGame\cocos2d\cocos\platform\android\libcocos2dx\build\intermediates\jniLibs\debug has been removed.
All input files are considered out-of-date for incremental task ':libcocos2dx:mergeDebugJniLibFolders'.
Unable do incremental execution: full task run
:libcocos2dx:mergeDebugJniLibFolders (Thread[Task worker for ':' Thread 13,5,main]) completed. Took 0.004 secs.
:libcocos2dx:transformNativeLibsWithMergeJniLibsForDebug (Thread[Task worker for ':' Thread 13,5,main]) started.
:libcocos2dx:transformNativeLibsWithMergeJniLibsForDebug
Task ':libcocos2dx:transformNativeLibsWithMergeJniLibsForDebug' is not up-to-date because:
  Output property 'otherFolderOutputs.otherFolderOutput1' file D:\Users\MyProjects\MyStardewGame\cocos2d\cocos\platform\android\libcocos2dx\build\intermediates\incremental\debug-mergeJniLibs\zip-cache has been removed.
  Output property 'streamOutputFolder' file D:\Users\MyProjects\MyStardewGame\cocos2d\cocos\platform\android\libcocos2dx\build\intermediates\transforms\mergeJniLibs\debug has been removed.
  Output property 'streamOutputFolder' file D:\Users\MyProjects\MyStardewGame\cocos2d\cocos\platform\android\libcocos2dx\build\intermediates\transforms\mergeJniLibs\debug\__content__.json has been removed.
All input files are considered out-of-date for incremental task ':libcocos2dx:transformNativeLibsWithMergeJniLibsForDebug'.
:libcocos2dx:transformNativeLibsWithMergeJniLibsForDebug (Thread[Task worker for ':' Thread 13,5,main]) completed. Took 0.009 secs.
:libcocos2dx:transformNativeLibsWithStripDebugSymbolForDebug (Thread[Task worker for ':' Thread 13,5,main]) started.
:libcocos2dx:transformNativeLibsWithStripDebugSymbolForDebug
Task ':libcocos2dx:transformNativeLibsWithStripDebugSymbolForDebug' is not up-to-date because:
  Output property 'streamOutputFolder' file D:\Users\MyProjects\MyStardewGame\cocos2d\cocos\platform\android\libcocos2dx\build\intermediates\transforms\stripDebugSymbol\debug has been removed.
  Output property 'streamOutputFolder' file D:\Users\MyProjects\MyStardewGame\cocos2d\cocos\platform\android\libcocos2dx\build\intermediates\transforms\stripDebugSymbol\debug\__content__.json has been removed.
All input files are considered out-of-date for incremental task ':libcocos2dx:transformNativeLibsWithStripDebugSymbolForDebug'.
:libcocos2dx:transformNativeLibsWithStripDebugSymbolForDebug (Thread[Task worker for ':' Thread 13,5,main]) completed. Took 0.003 secs.
:libcocos2dx:transformNativeLibsWithSyncJniLibsForDebug (Thread[Task worker for ':' Thread 13,5,main]) started.
:libcocos2dx:transformNativeLibsWithSyncJniLibsForDebug
Task ':libcocos2dx:transformNativeLibsWithSyncJniLibsForDebug' is not up-to-date because:
  Output property 'otherFolderOutputs.otherFolderOutput1' file D:\Users\MyProjects\MyStardewGame\cocos2d\cocos\platform\android\libcocos2dx\build\intermediates\library_and_local_jars_jni\debug has been removed.
All input files are considered out-of-date for incremental task ':libcocos2dx:transformNativeLibsWithSyncJniLibsForDebug'.
:libcocos2dx:transformNativeLibsWithSyncJniLibsForDebug (Thread[Task worker for ':' Thread 13,5,main]) completed. Took 0.004 secs.
:MyStardewGame:preBuild (Thread[Task worker for ':' Thread 13,5,main]) started.
:MyStardewGame:preBuild
Skipping task ':MyStardewGame:preBuild' as it has no actions.
:MyStardewGame:preBuild UP-TO-DATE
:MyStardewGame:preBuild (Thread[Task worker for ':' Thread 13,5,main]) completed. Took 0.0 secs.
:MyStardewGame:preDebugBuild (Thread[Task worker for ':' Thread 13,5,main]) started.
:MyStardewGame:preDebugBuild
file or directory 'D:\Users\MyProjects\MyStardewGame\proj.android\app\libs', not found
file or directory 'D:\Users\MyProjects\MyStardewGame\proj.android\app\libs', not found
Task ':MyStardewGame:preDebugBuild' is not up-to-date because:
  Output property 'fakeOutputDirectory' file D:\Users\MyProjects\MyStardewGame\proj.android\app\build\intermediates\prebuild\debug has been removed.
file or directory 'D:\Users\MyProjects\MyStardewGame\proj.android\app\libs', not found
file or directory 'D:\Users\MyProjects\MyStardewGame\proj.android\app\libs', not found
:MyStardewGame:preDebugBuild (Thread[Task worker for ':' Thread 13,5,main]) completed. Took 0.01 secs.
:MyStardewGame:compileDebugAidl (Thread[Task worker for ':' Thread 13,5,main]) started.
:MyStardewGame:compileDebugAidl
file or directory 'D:\Users\MyProjects\MyStardewGame\proj.android\app\libs', not found
Task ':MyStardewGame:compileDebugAidl' is not up-to-date because:
  Output property 'incrementalFolder' file D:\Users\MyProjects\MyStardewGame\proj.android\app\build\intermediates\incremental\compileDebugAidl has been removed.
  Output property 'incrementalFolder' file D:\Users\MyProjects\MyStardewGame\proj.android\app\build\intermediates\incremental\compileDebugAidl\dependency.store has been removed.
  Output property 'sourceOutputDir' file D:\Users\MyProjects\MyStardewGame\proj.android\app\build\generated\source\aidl\debug has been removed.
All input files are considered out-of-date for incremental task ':MyStardewGame:compileDebugAidl'.
Unable do incremental execution: full task run
file or directory 'D:\Users\MyProjects\MyStardewGame\proj.android\app\libs', not found
:MyStardewGame:compileDebugAidl (Thread[Task worker for ':' Thread 13,5,main]) completed. Took 0.005 secs.
:MyStardewGame:compileDebugRenderscript (Thread[Task worker for ':' Thread 13,5,main]) started.
:MyStardewGame:compileDebugRenderscript
file or directory 'D:\Users\MyProjects\MyStardewGame\proj.android\app\libs', not found
Task ':MyStardewGame:compileDebugRenderscript' is not up-to-date because:
  Output property 'libOutputDir' file D:\Users\MyProjects\MyStardewGame\proj.android\app\build\intermediates\rs\debug\lib has been removed.
  Output property 'objOutputDir' file D:\Users\MyProjects\MyStardewGame\proj.android\app\build\intermediates\rs\debug\obj has been removed.
  Output property 'resOutputDir' file D:\Users\MyProjects\MyStardewGame\proj.android\app\build\generated\res\rs\debug has been removed.
file or directory 'D:\Users\MyProjects\MyStardewGame\proj.android\app\libs', not found
:MyStardewGame:compileDebugRenderscript (Thread[Task worker for ':' Thread 13,5,main]) completed. Took 0.007 secs.
:MyStardewGame:checkDebugManifest (Thread[Task worker for ':' Thread 13,5,main]) started.
:MyStardewGame:checkDebugManifest
Task ':MyStardewGame:checkDebugManifest' is not up-to-date because:
  Output property 'fakeOutputDir' file D:\Users\MyProjects\MyStardewGame\proj.android\app\build\intermediates\check-manifest\debug has been removed.
:MyStardewGame:checkDebugManifest (Thread[Task worker for ':' Thread 13,5,main]) completed. Took 0.001 secs.
:MyStardewGame:generateDebugBuildConfig (Thread[Task worker for ':' Thread 13,5,main]) started.
:MyStardewGame:generateDebugBuildConfig
Task ':MyStardewGame:generateDebugBuildConfig' is not up-to-date because:
  Output property 'sourceOutputDir' file D:\Users\MyProjects\MyStardewGame\proj.android\app\build\generated\source\buildConfig\debug has been removed.
  Output property 'sourceOutputDir' file D:\Users\MyProjects\MyStardewGame\proj.android\app\build\generated\source\buildConfig\debug\com has been removed.
  Output property 'sourceOutputDir' file D:\Users\MyProjects\MyStardewGame\proj.android\app\build\generated\source\buildConfig\debug\com\yourname has been removed.
:MyStardewGame:generateDebugBuildConfig (Thread[Task worker for ':' Thread 13,5,main]) completed. Took 0.007 secs.
:MyStardewGame:prepareLintJar (Thread[Task worker for ':' Thread 13,5,main]) started.
:MyStardewGame:prepareLintJar
Skipping task ':MyStardewGame:prepareLintJar' as it is up-to-date.
:MyStardewGame:prepareLintJar UP-TO-DATE
:MyStardewGame:prepareLintJar (Thread[Task worker for ':' Thread 13,5,main]) completed. Took 0.0 secs.
:MyStardewGame:mainApkListPersistenceDebug (Thread[Task worker for ':' Thread 13,5,main]) started.
:MyStardewGame:mainApkListPersistenceDebug
Task ':MyStardewGame:mainApkListPersistenceDebug' is not up-to-date because:
  Output property 'outputFile' file D:\Users\MyProjects\MyStardewGame\proj.android\app\build\intermediates\splits-support\debug\apk-list\apk-list.gson has been removed.
:MyStardewGame:mainApkListPersistenceDebug (Thread[Task worker for ':' Thread 13,5,main]) completed. Took 0.003 secs.
:MyStardewGame:generateDebugResValues (Thread[Task worker for ':' Thread 13,5,main]) started.
:MyStardewGame:generateDebugResValues
Task ':MyStardewGame:generateDebugResValues' is not up-to-date because:
  Output property 'resOutputDir' file D:\Users\MyProjects\MyStardewGame\proj.android\app\build\generated\res\resValues\debug has been removed.
:MyStardewGame:generateDebugResValues (Thread[Task worker for ':' Thread 13,5,main]) completed. Took 0.002 secs.
:MyStardewGame:generateDebugResources (Thread[Task worker for ':' Thread 13,5,main]) started.
:MyStardewGame:generateDebugResources
Skipping task ':MyStardewGame:generateDebugResources' as it has no actions.
:MyStardewGame:generateDebugResources (Thread[Task worker for ':' Thread 13,5,main]) completed. Took 0.0 secs.
:MyStardewGame:mergeDebugResources (Thread[Task worker for ':' Thread 13,5,main]) started.
:MyStardewGame:mergeDebugResources
file or directory 'D:\Users\MyProjects\MyStardewGame\proj.android\app\libs', not found
Task ':MyStardewGame:mergeDebugResources' is not up-to-date because:
  Output property 'blameLogFolder' file D:\Users\MyProjects\MyStardewGame\proj.android\app\build\intermediates\blame\res\debug has been removed.
  Output property 'blameLogFolder' file D:\Users\MyProjects\MyStardewGame\proj.android\app\build\intermediates\blame\res\debug\multi-v2 has been removed.
  Output property 'blameLogFolder' file D:\Users\MyProjects\MyStardewGame\proj.android\app\build\intermediates\blame\res\debug\multi-v2\debug.json has been removed.
All input files are considered out-of-date for incremental task ':MyStardewGame:mergeDebugResources'.
Unable do incremental execution: full task run
file or directory 'D:\Users\MyProjects\MyStardewGame\proj.android\app\libs', not found
Aapt2QueuedResourceProcessor is using D:\Users\AndroidSDK\Sdk\build-tools\27.0.3\aapt2.exe

Request to incrementing alive workforce from 0. Current workforce (dead or alive) 0
Trying to start D:\Users\AndroidSDK\Sdk\build-tools\27.0.3\aapt2.exe
Trying to start D:\Users\AndroidSDK\Sdk\build-tools\27.0.3\aapt2.exe
Trying to start D:\Users\AndroidSDK\Sdk\build-tools\27.0.3\aapt2.exe
Trying to start D:\Users\AndroidSDK\Sdk\build-tools\27.0.3\aapt2.exe
Trying to start D:\Users\AndroidSDK\Sdk\build-tools\27.0.3\aapt2.exe
thread-pool size=8
Trying to start D:\Users\AndroidSDK\Sdk\build-tools\27.0.3\aapt2.exe
Trying to start D:\Users\AndroidSDK\Sdk\build-tools\27.0.3\aapt2.exe
Trying to start D:\Users\AndroidSDK\Sdk\build-tools\27.0.3\aapt2.exe
Started 1070370687
Started 1391787945
Started 865287996
Started 588075611
Started 390917784
Started 1900061996
Slave 1070370687 is ready
AAPT2 processed(1070370687) values.xml job:QueuedJob{
title=Compiling values.xml, 
task={from=D:\Users\MyProjects\MyStardewGame\proj.android\app\build\intermediates\incremental\mergeDebugResources\merged.dir\values\values.xml, to=D:\Users\MyProjects\MyStardewGame\proj.android\app\build\intermediates\res\merged\debug}, 
future=com.google.common.util.concurrent.SettableFuture@310b76f6}
Slave 1391787945 is ready
Started 1636619136
AAPT1 err(Facade for 1070370687): Done -> QueuedJob{
title=Compiling values.xml, 
task={from=D:\Users\MyProjects\MyStardewGame\proj.android\app\build\intermediates\incremental\mergeDebugResources\merged.dir\values\values.xml, to=D:\Users\MyProjects\MyStardewGame\proj.android\app\build\intermediates\res\merged\debug}, 
future=com.google.common.util.concurrent.SettableFuture@310b76f6}
AAPT warning(1367627444), Job(QueuedJob{
title=Compiling values.xml, 
task={from=D:\Users\MyProjects\MyStardewGame\proj.android\app\build\intermediates\incremental\mergeDebugResources\merged.dir\values\values.xml, to=D:\Users\MyProjects\MyStardewGame\proj.android\app\build\intermediates\res\merged\debug}, 
future=com.google.common.util.concurrent.SettableFuture@310b76f6}): Done
Slave 865287996 is ready
AAPT2 processed(1391787945) ic_launcher.png job:QueuedJob{
title=Compiling ic_launcher.png, 
task={from=D:\Users\MyProjects\MyStardewGame\proj.android\app\res\mipmap-hdpi\ic_launcher.png, to=D:\Users\MyProjects\MyStardewGame\proj.android\app\build\intermediates\res\merged\debug}, 
future=com.google.common.util.concurrent.SettableFuture@5c331b87}
AAPT2 processed(865287996) ic_launcher.png job:QueuedJob{
title=Compiling ic_launcher.png, 
task={from=D:\Users\MyProjects\MyStardewGame\proj.android\app\res\mipmap-xhdpi\ic_launcher.png, to=D:\Users\MyProjects\MyStardewGame\proj.android\app\build\intermediates\res\merged\debug}, 
future=com.google.common.util.concurrent.SettableFuture@3d54c73e}
AAPT2 processed(1070370687) ic_launcher.png job:QueuedJob{
title=Compiling ic_launcher.png, 
task={from=D:\Users\MyProjects\MyStardewGame\proj.android\app\res\mipmap-mdpi\ic_launcher.png, to=D:\Users\MyProjects\MyStardewGame\proj.android\app\build\intermediates\res\merged\debug}, 
future=com.google.common.util.concurrent.SettableFuture@3534e40f}
Started 725129771
AAPT1 err(Facade for 1070370687): Done -> QueuedJob{
title=Compiling ic_launcher.png, 
task={from=D:\Users\MyProjects\MyStardewGame\proj.android\app\res\mipmap-mdpi\ic_launcher.png, to=D:\Users\MyProjects\MyStardewGame\proj.android\app\build\intermediates\res\merged\debug}, 
future=com.google.common.util.concurrent.SettableFuture@3534e40f}
AAPT warning(1367627444), Job(QueuedJob{
title=Compiling ic_launcher.png, 
task={from=D:\Users\MyProjects\MyStardewGame\proj.android\app\res\mipmap-mdpi\ic_launcher.png, to=D:\Users\MyProjects\MyStardewGame\proj.android\app\build\intermediates\res\merged\debug}, 
future=com.google.common.util.concurrent.SettableFuture@3534e40f}): Done
AAPT2 processed(1070370687) ic_launcher.png job:QueuedJob{
title=Compiling ic_launcher.png, 
task={from=D:\Users\MyProjects\MyStardewGame\proj.android\app\res\mipmap-xxhdpi\ic_launcher.png, to=D:\Users\MyProjects\MyStardewGame\proj.android\app\build\intermediates\res\merged\debug}, 
future=com.google.common.util.concurrent.SettableFuture@70367ccd}
Slave 588075611 is ready
AAPT1 err(Facade for 865287996): Done -> QueuedJob{
title=Compiling ic_launcher.png, 
task={from=D:\Users\MyProjects\MyStardewGame\proj.android\app\res\mipmap-xhdpi\ic_launcher.png, to=D:\Users\MyProjects\MyStardewGame\proj.android\app\build\intermediates\res\merged\debug}, 
future=com.google.common.util.concurrent.SettableFuture@3d54c73e}
AAPT warning(2008889272), Job(QueuedJob{
title=Compiling ic_launcher.png, 
task={from=D:\Users\MyProjects\MyStardewGame\proj.android\app\res\mipmap-xhdpi\ic_launcher.png, to=D:\Users\MyProjects\MyStardewGame\proj.android\app\build\intermediates\res\merged\debug}, 
future=com.google.common.util.concurrent.SettableFuture@3d54c73e}): Done
AAPT1 err(Facade for 1070370687): Done -> QueuedJob{
title=Compiling ic_launcher.png, 
task={from=D:\Users\MyProjects\MyStardewGame\proj.android\app\res\mipmap-xxhdpi\ic_launcher.png, to=D:\Users\MyProjects\MyStardewGame\proj.android\app\build\intermediates\res\merged\debug}, 
future=com.google.common.util.concurrent.SettableFuture@70367ccd}
AAPT warning(1367627444), Job(QueuedJob{
title=Compiling ic_launcher.png, 
task={from=D:\Users\MyProjects\MyStardewGame\proj.android\app\res\mipmap-xxhdpi\ic_launcher.png, to=D:\Users\MyProjects\MyStardewGame\proj.android\app\build\intermediates\res\merged\debug}, 
future=com.google.common.util.concurrent.SettableFuture@70367ccd}): Done
AAPT1 err(Facade for 1391787945): Done -> QueuedJob{
title=Compiling ic_launcher.png, 
task={from=D:\Users\MyProjects\MyStardewGame\proj.android\app\res\mipmap-hdpi\ic_launcher.png, to=D:\Users\MyProjects\MyStardewGame\proj.android\app\build\intermediates\res\merged\debug}, 
future=com.google.common.util.concurrent.SettableFuture@5c331b87}
AAPT warning(2013472799), Job(QueuedJob{
title=Compiling ic_launcher.png, 
task={from=D:\Users\MyProjects\MyStardewGame\proj.android\app\res\mipmap-hdpi\ic_launcher.png, to=D:\Users\MyProjects\MyStardewGame\proj.android\app\build\intermediates\res\merged\debug}, 
future=com.google.common.util.concurrent.SettableFuture@5c331b87}): Done
Slave 390917784 is ready
Thread(queued-resource-processor_78): Death requested
Thread(queued-resource-processor_79): Death requested
Thread(queued-resource-processor_77): Death requested
Thread(queued-resource-processor_73): Death requested
Thread(queued-resource-processor_80): Death requested
Thread(queued-resource-processor_80): destruction
Thread(queued-resource-processor_73): destruction
Thread(queued-resource-processor_77): destruction
Thread(queued-resource-processor_79): destruction
Thread(queued-resource-processor_78): destruction
Slave 1900061996 is ready
Thread(queued-resource-processor_75): Death requested
Thread(queued-resource-processor_75): destruction
Process (390917784) processed 0 files
Thread(queued-resource-processor_77): Process(390917784), after shutdown queue_size=5
Process (588075611) processed 0 files
Thread(queued-resource-processor_78): Process(588075611), after shutdown queue_size=4
Process (1070370687) processed 3 files
Thread(queued-resource-processor_73): Process(1070370687), after shutdown queue_size=3
Process (865287996) processed 1 files
Thread(queued-resource-processor_80): Process(865287996), after shutdown queue_size=2
Process (1391787945) processed 1 files
Thread(queued-resource-processor_79): Process(1391787945), after shutdown queue_size=1
Process (1900061996) processed 0 files
Thread(queued-resource-processor_75): Process(1900061996), after shutdown queue_size=0
Slave 1636619136 is ready
Thread(queued-resource-processor_76): Death requested
Thread(queued-resource-processor_76): destruction
Process (1636619136) processed 0 files
Thread(queued-resource-processor_76): Process(1636619136), after shutdown queue_size=0
Slave 725129771 is ready
Thread(queued-resource-processor_74): Death requested
Thread(queued-resource-processor_74): destruction
Process (725129771) processed 0 files
Thread(queued-resource-processor_74): Process(725129771), after shutdown queue_size=0
Shutdown finished in 23ms
:MyStardewGame:mergeDebugResources (Thread[Task worker for ':' Thread 13,5,main]) completed. Took 0.171 secs.
:MyStardewGame:createDebugCompatibleScreenManifests (Thread[Task worker for ':' Thread 13,5,main]) started.
:MyStardewGame:createDebugCompatibleScreenManifests
Task ':MyStardewGame:createDebugCompatibleScreenManifests' is not up-to-date because:
  Output property 'outputFolder' file D:\Users\MyProjects\MyStardewGame\proj.android\app\build\intermediates\manifests\density\debug has been removed.
  Output property 'outputFolder' file D:\Users\MyProjects\MyStardewGame\proj.android\app\build\intermediates\manifests\density\debug\output.json has been removed.
:MyStardewGame:createDebugCompatibleScreenManifests (Thread[Task worker for ':' Thread 13,5,main]) completed. Took 0.003 secs.
:MyStardewGame:processDebugManifest (Thread[Task worker for ':' Thread 13,5,main]) started.
:MyStardewGame:processDebugManifest
file or directory 'D:\Users\MyProjects\MyStardewGame\proj.android\app\libs', not found
Task ':MyStardewGame:processDebugManifest' is not up-to-date because:
  Output property 'instantRunManifestOutputDirectory' file D:\Users\MyProjects\MyStardewGame\proj.android\app\build\intermediates\manifests\instant-run\debug has been removed.
  Output property 'instantRunManifestOutputDirectory' file D:\Users\MyProjects\MyStardewGame\proj.android\app\build\intermediates\manifests\instant-run\debug\output.json has been removed.
  Output property 'manifestOutputDirectory' file D:\Users\MyProjects\MyStardewGame\proj.android\app\build\intermediates\manifests\full\debug has been removed.
All input files are considered out-of-date for incremental task ':MyStardewGame:processDebugManifest'.
Unable do incremental execution: full task run
file or directory 'D:\Users\MyProjects\MyStardewGame\proj.android\app\libs', not found
Loading library manifest D:\Users\MyProjects\MyStardewGame\cocos2d\cocos\platform\android\libcocos2dx\build\intermediates\manifests\full\debug\AndroidManifest.xml
Merging main manifest D:\Users\MyProjects\MyStardewGame\proj.android\app\AndroidManifest.xml

Merging library manifest D:\Users\MyProjects\MyStardewGame\cocos2d\cocos\platform\android\libcocos2dx\build\intermediates\manifests\full\debug\AndroidManifest.xml
Merging manifest with lower [:libcocos2dx] AndroidManifest.xml:2:1-16:12
uses-sdk defined in both files...
Merging uses-sdk with lower [:libcocos2dx] AndroidManifest.xml:7:5-9:41
Adopted [uses-permission: null]
application defined in both files...
Merging application with lower [:libcocos2dx] AndroidManifest.xml:13:5-14:19
Merging result: SUCCESS
1<?xml version="1.0" encoding="utf-8"?>
2<manifest xmlns:android="http://schemas.android.com/apk/res/android"
3    package="com.yourname.stardew"
4    android:installLocation="auto"
5    android:versionCode="1"
6    android:versionName="1.0" >
7
8    <uses-sdk
9        android:minSdkVersion="16"
9-->D:\Users\MyProjects\MyStardewGame\proj.android\app\AndroidManifest.xml
10        android:targetSdkVersion="30" />
10-->D:\Users\MyProjects\MyStardewGame\proj.android\app\AndroidManifest.xml
11
12    <uses-permission android:name="android.permission.INTERNET" />
12-->D:\Users\MyProjects\MyStardewGame\proj.android\app\AndroidManifest.xml:6:5-66
12-->D:\Users\MyProjects\MyStardewGame\proj.android\app\AndroidManifest.xml:6:22-64
13
14    <uses-feature android:glEsVersion="0x00020000" />
14-->D:\Users\MyProjects\MyStardewGame\proj.android\app\AndroidManifest.xml:8:5-54
14-->D:\Users\MyProjects\MyStardewGame\proj.android\app\AndroidManifest.xml:8:19-51
15
16    <uses-permission android:name="android.permission.VIBRATE" />
16-->[:libcocos2dx] D:\Users\MyProjects\MyStardewGame\cocos2d\cocos\platform\android\libcocos2dx\build\intermediates\manifests\full\debug\AndroidManifest.xml:11:5-66
16-->[:libcocos2dx] D:\Users\MyProjects\MyStardewGame\cocos2d\cocos\platform\android\libcocos2dx\build\intermediates\manifests\full\debug\AndroidManifest.xml:11:22-63
17
18    <application
18-->D:\Users\MyProjects\MyStardewGame\proj.android\app\AndroidManifest.xml:10:5-33:19
19        android:allowBackup="true"
19-->D:\Users\MyProjects\MyStardewGame\proj.android\app\AndroidManifest.xml:12:9-35
20        android:debuggable="true"
21        android:icon="@mipmap/ic_launcher"
21-->D:\Users\MyProjects\MyStardewGame\proj.android\app\AndroidManifest.xml:13:9-43
22        android:label="@string/app_name" >
22-->D:\Users\MyProjects\MyStardewGame\proj.android\app\AndroidManifest.xml:11:9-41
23
24        <!-- Tell Cocos2dxActivity the name of our .so -->
25        <meta-data
25-->D:\Users\MyProjects\MyStardewGame\proj.android\app\AndroidManifest.xml:16:9-17:45
26            android:name="android.app.lib_name"
26-->D:\Users\MyProjects\MyStardewGame\proj.android\app\AndroidManifest.xml:16:20-55
27            android:value="MyGame" />
27-->D:\Users\MyProjects\MyStardewGame\proj.android\app\AndroidManifest.xml:17:20-42
28
29        <activity
29-->D:\Users\MyProjects\MyStardewGame\proj.android\app\AndroidManifest.xml:19:9-32:20
30            android:name="org.cocos2dx.cpp.AppActivity"
30-->D:\Users\MyProjects\MyStardewGame\proj.android\app\AndroidManifest.xml:20:13-56
31            android:configChanges="orientation|keyboardHidden|screenSize"
31-->D:\Users\MyProjects\MyStardewGame\proj.android\app\AndroidManifest.xml:22:13-74
32            android:label="@string/app_name"
32-->D:\Users\MyProjects\MyStardewGame\proj.android\app\AndroidManifest.xml:23:13-45
33            android:launchMode="singleTask"
33-->D:\Users\MyProjects\MyStardewGame\proj.android\app\AndroidManifest.xml:25:13-44
34            android:screenOrientation="landscape"
34-->D:\Users\MyProjects\MyStardewGame\proj.android\app\AndroidManifest.xml:21:13-50
35            android:taskAffinity=""
35-->D:\Users\MyProjects\MyStardewGame\proj.android\app\AndroidManifest.xml:26:13-36
36            android:theme="@android:style/Theme.NoTitleBar.Fullscreen" >
36-->D:\Users\MyProjects\MyStardewGame\proj.android\app\AndroidManifest.xml:24:13-71
37            <intent-filter>
37-->D:\Users\MyProjects\MyStardewGame\proj.android\app\AndroidManifest.xml:27:13-31:29
38                <action android:name="android.intent.action.MAIN" />
38-->D:\Users\MyProjects\MyStardewGame\proj.android\app\AndroidManifest.xml:28:17-69
38-->D:\Users\MyProjects\MyStardewGame\proj.android\app\AndroidManifest.xml:28:25-66
39
40                <category android:name="android.intent.category.LAUNCHER" />
40-->D:\Users\MyProjects\MyStardewGame\proj.android\app\AndroidManifest.xml:30:17-77
40-->D:\Users\MyProjects\MyStardewGame\proj.android\app\AndroidManifest.xml:30:27-74
41            </intent-filter>
42        </activity>
43    </application>
44
45</manifest>

Merged manifest saved to D:\Users\MyProjects\MyStardewGame\proj.android\app\build\intermediates\manifests\full\debug\AndroidManifest.xml
:MyStardewGame:processDebugManifest (Thread[Task worker for ':' Thread 13,5,main]) completed. Took 0.016 secs.
:MyStardewGame:splitsDiscoveryTaskDebug (Thread[Task worker for ':' Thread 13,5,main]) started.
:MyStardewGame:splitsDiscoveryTaskDebug
Task ':MyStardewGame:splitsDiscoveryTaskDebug' is not up-to-date because:
  Output property 'persistedList' file D:\Users\MyProjects\MyStardewGame\proj.android\app\build\intermediates\splits-support\debug\split-list\split-list.gson has been removed.
:MyStardewGame:splitsDiscoveryTaskDebug (Thread[Task worker for ':' Thread 13,5,main]) completed. Took 0.002 secs.
:MyStardewGame:generateJsonModelDebug (Thread[Task worker for ':' Thread 13,5,main]) started.
:MyStardewGame:generateJsonModelDebug
Skipping task ':MyStardewGame:generateJsonModelDebug' as it is up-to-date.
:MyStardewGame:generateJsonModelDebug UP-TO-DATE
:MyStardewGame:generateJsonModelDebug (Thread[Task worker for ':' Thread 13,5,main]) completed. Took 0.0 secs.
:MyStardewGame:externalNativeBuildDebug (Thread[Task worker for ':' Thread 13,5,main]) started.
:MyStardewGame:externalNativeBuildDebug
Task ':MyStardewGame:externalNativeBuildDebug' is not up-to-date because:
  Task has not declared any outputs.
externalNativeBuildDebug: starting build
externalNativeBuildDebug: reading expected JSONs
externalNativeBuildDebug: done reading expected JSONs
externalNativeBuildDebug: executing build commands for targets: 'MyGame'
externalNativeBuildDebug: evaluate miniconfig
externalNativeBuildDebug: evaluate library ext_md5-Debug-armeabi-v7a
externalNativeBuildDebug: not building target ext_md5 because it isn't in targets set
externalNativeBuildDebug: evaluate library ext_xxhash-Debug-armeabi-v7a
externalNativeBuildDebug: not building target ext_xxhash because it isn't in targets set
externalNativeBuildDebug: evaluate library ext_tremolo-Debug-armeabi-v7a
externalNativeBuildDebug: not building target ext_tremolo because it isn't in targets set
externalNativeBuildDebug: evaluate library ext_clipper-Debug-armeabi-v7a
externalNativeBuildDebug: not building target ext_clipper because it isn't in targets set
externalNativeBuildDebug: evaluate library ext_recast-Debug-armeabi-v7a
externalNativeBuildDebug: not building target ext_recast because it isn't in targets set
externalNativeBuildDebug: evaluate library ext_convertUTF-Debug-armeabi-v7a
externalNativeBuildDebug: not building target ext_convertUTF because it isn't in targets set
externalNativeBuildDebug: evaluate library ext_poly2tri-Debug-armeabi-v7a
externalNativeBuildDebug: not building target ext_poly2tri because it isn't in targets set
externalNativeBuildDebug: evaluate library ext_tinyxml2-Debug-armeabi-v7a
externalNativeBuildDebug: not building target ext_tinyxml2 because it isn't in targets set
externalNativeBuildDebug: evaluate library cpp_android_spec-Debug-armeabi-v7a
externalNativeBuildDebug: not building target cpp_android_spec because it isn't in targets set
externalNativeBuildDebug: evaluate library MyGame-Debug-armeabi-v7a
externalNativeBuildDebug: about to build D:\Users\AndroidSDK\Sdk\cmake\3.10.2.4988404\bin\cmake.exe --build D:\Users\MyProjects\MyStardewGame\proj.android\app\.externalNativeBuild\cmake\debug\armeabi-v7a --target MyGame
externalNativeBuildDebug: evaluate library cocos2d-Debug-armeabi-v7a
externalNativeBuildDebug: not building target cocos2d because it isn't in targets set
externalNativeBuildDebug: evaluate library ext_unzip-Debug-armeabi-v7a
externalNativeBuildDebug: not building target ext_unzip because it isn't in targets set
externalNativeBuildDebug: evaluate library ext_xxtea-Debug-armeabi-v7a
externalNativeBuildDebug: not building target ext_xxtea because it isn't in targets set
externalNativeBuildDebug: evaluate library external-Debug-armeabi-v7a
externalNativeBuildDebug: not building target external because it isn't in targets set
externalNativeBuildDebug: evaluate library ext_edtaa3func-Debug-armeabi-v7a
externalNativeBuildDebug: not building target ext_edtaa3func because it isn't in targets set
externalNativeBuildDebug: evaluate library ext_cpufeatures-Debug-armeabi-v7a
externalNativeBuildDebug: not building target ext_cpufeatures because it isn't in targets set
externalNativeBuildDebug: evaluate library ext_pvmp3dec-Debug-armeabi-v7a
externalNativeBuildDebug: not building target ext_pvmp3dec because it isn't in targets set
Build MyGame armeabi-v7a
externalNativeBuildDebug: Executable : D:\Users\AndroidSDK\Sdk\cmake\3.10.2.4988404\bin\cmake.exe
arguments : 
--build
D:\Users\MyProjects\MyStardewGame\proj.android\app\.externalNativeBuild\cmake\debug\armeabi-v7a
--target
MyGame
jvmArgs : 


Executable : D:\Users\AndroidSDK\Sdk\cmake\3.10.2.4988404\bin\cmake.exe
arguments : 
--build
D:\Users\MyProjects\MyStardewGame\proj.android\app\.externalNativeBuild\cmake\debug\armeabi-v7a
--target
MyGame
jvmArgs : 


Starting process 'command 'D:\Users\AndroidSDK\Sdk\cmake\3.10.2.4988404\bin\cmake.exe''. Working directory: D:\Users\MyProjects\MyStardewGame\proj.android\app Command: D:\Users\AndroidSDK\Sdk\cmake\3.10.2.4988404\bin\cmake.exe --build D:\Users\MyProjects\MyStardewGame\proj.android\app\.externalNativeBuild\cmake\debug\armeabi-v7a --target MyGame
Successfully started process 'command 'D:\Users\AndroidSDK\Sdk\cmake\3.10.2.4988404\bin\cmake.exe''
[1/754] Building CXX object engine/cocos/core/CMakeFiles/cocos2d.dir/2d/CCLight.cpp.o
[2/754] Building CXX object engine/cocos/core/CMakeFiles/cocos2d.dir/2d/CCParallaxNode.cpp.o
[3/754] Building CXX object engine/cocos/core/CMakeFiles/cocos2d.dir/2d/CCProtectedNode.cpp.o
[4/754] Building CXX object engine/cocos/core/CMakeFiles/cocos2d.dir/2d/CCLabelTTF.cpp.o
[5/754] Building CXX object engine/cocos/core/CMakeFiles/cocos2d.dir/2d/CCNodeGrid.cpp.o
[6/754] Building CXX object engine/cocos/core/CMakeFiles/cocos2d.dir/2d/CCParticleExamples.cpp.o
[7/754] Building CXX object engine/cocos/core/CMakeFiles/cocos2d.dir/2d/CCTweenFunction.cpp.o
[8/754] Building CXX object engine/cocos/core/CMakeFiles/cocos2d.dir/2d/CCMotionStreak.cpp.o
[9/754] Building CXX object engine/cocos/core/CMakeFiles/cocos2d.dir/2d/CCProgressTimer.cpp.o
[10/754] Building CXX object engine/cocos/core/CMakeFiles/cocos2d.dir/2d/CCParticleBatchNode.cpp.o
[11/754] Building CXX object engine/cocos/core/CMakeFiles/cocos2d.dir/2d/CCLabelTextFormatter.cpp.o
[12/754] Building CXX object engine/cocos/core/CMakeFiles/cocos2d.dir/2d/CCMenuItem.cpp.o
[13/754] Building CXX object engine/cocos/core/CMakeFiles/cocos2d.dir/2d/CCMenu.cpp.o
[14/754] Building CXX object engine/cocos/core/CMakeFiles/cocos2d.dir/2d/CCParticleSystemQuad.cpp.o
[15/754] Building CXX object engine/cocos/core/CMakeFiles/cocos2d.dir/2d/CCParticleSystem.cpp.o
[16/754] Building CXX object engine/cocos/core/CMakeFiles/cocos2d.dir/2d/CCLayer.cpp.o
[17/754] Building CXX object engine/cocos/core/CMakeFiles/cocos2d.dir/2d/CCRenderTexture.cpp.o
[18/754] Building CXX object engine/cocos/core/CMakeFiles/cocos2d.dir/3d/CCAABB.cpp.o
[19/754] Building CXX object engine/cocos/core/CMakeFiles/cocos2d.dir/2d/CCLabel.cpp.o
[20/754] Building CXX object engine/cocos/core/CMakeFiles/cocos2d.dir/2d/CCNode.cpp.o
[21/754] Building CXX object engine/cocos/core/CMakeFiles/cocos2d.dir/2d/CCTMXTiledMap.cpp.o
[22/754] Building CXX object engine/cocos/core/CMakeFiles/cocos2d.dir/2d/CCTransitionPageTurn.cpp.o
[23/754] Building CXX object engine/cocos/core/CMakeFiles/cocos2d.dir/2d/CCTransitionProgress.cpp.o
[24/754] Building CXX object engine/cocos/core/CMakeFiles/cocos2d.dir/2d/CCSpriteFrame.cpp.o
[25/754] Building CXX object engine/cocos/core/CMakeFiles/cocos2d.dir/2d/CCSpriteBatchNode.cpp.o
[26/754] Building CXX object engine/cocos/core/CMakeFiles/cocos2d.dir/2d/CCTextFieldTTF.cpp.o
[27/754] Building CXX object engine/cocos/core/CMakeFiles/cocos2d.dir/2d/CCTMXXMLParser.cpp.o
[28/754] Building CXX object engine/cocos/core/CMakeFiles/cocos2d.dir/2d/CCTMXObjectGroup.cpp.o
[29/754] Building CXX object engine/cocos/core/CMakeFiles/cocos2d.dir/2d/CCAutoPolygon.cpp.o
[30/754] Building CXX object engine/cocos/core/CMakeFiles/cocos2d.dir/2d/CCTileMapAtlas.cpp.o
[31/754] Building CXX object engine/cocos/core/CMakeFiles/cocos2d.dir/2d/CCSprite.cpp.o
[32/754] Building CXX object engine/cocos/core/CMakeFiles/cocos2d.dir/2d/CCScene.cpp.o
[33/754] Building CXX object engine/cocos/core/CMakeFiles/cocos2d.dir/2d/CCSpriteFrameCache.cpp.o
[34/754] Building CXX object engine/cocos/core/CMakeFiles/cocos2d.dir/2d/CCTMXLayer.cpp.o
[35/754] Building CXX object engine/cocos/core/CMakeFiles/cocos2d.dir/3d/CCBundleReader.cpp.o
[36/754] Building CXX object engine/cocos/core/CMakeFiles/cocos2d.dir/3d/CCAnimate3D.cpp.o
[37/754] Building CXX object engine/cocos/core/CMakeFiles/cocos2d.dir/3d/CCMeshSkin.cpp.o
[38/754] Building CXX object engine/cocos/core/CMakeFiles/cocos2d.dir/3d/CCBillBoard.cpp.o
[39/754] Building CXX object engine/cocos/core/CMakeFiles/cocos2d.dir/3d/CCPlane.cpp.o
[40/754] Building CXX object engine/cocos/core/CMakeFiles/cocos2d.dir/2d/CCTransition.cpp.o
[41/754] Building CXX object engine/cocos/core/CMakeFiles/cocos2d.dir/3d/CCAttachNode.cpp.o
[42/754] Building CXX object engine/cocos/core/CMakeFiles/cocos2d.dir/3d/CCFrustum.cpp.o
[43/754] Building CXX object engine/cocos/core/CMakeFiles/cocos2d.dir/3d/CCRay.cpp.o
[44/754] Building CXX object engine/cocos/core/CMakeFiles/cocos2d.dir/3d/CCMesh.cpp.o
[45/754] Building CXX object engine/cocos/core/CMakeFiles/cocos2d.dir/3d/CCSkeleton3D.cpp.o
[46/754] Building CXX object engine/cocos/core/CMakeFiles/cocos2d.dir/3d/CCOBB.cpp.o
[47/754] Building CXX object engine/cocos/core/CMakeFiles/cocos2d.dir/3d/CCMotionStreak3D.cpp.o
[48/754] Building CXX object engine/cocos/core/CMakeFiles/cocos2d.dir/3d/CCAnimation3D.cpp.o
[49/754] Building CXX object engine/cocos/core/CMakeFiles/cocos2d.dir/physics/CCPhysicsShape.cpp.o
[50/754] Building CXX object engine/cocos/core/CMakeFiles/cocos2d.dir/3d/CCSkybox.cpp.o
[51/754] Building CXX object engine/cocos/core/CMakeFiles/cocos2d.dir/3d/CCBundle3D.cpp.o
[52/754] Building CXX object engine/cocos/core/CMakeFiles/cocos2d.dir/3d/CCMeshVertexIndexData.cpp.o
[53/754] Building CXX object engine/cocos/core/CMakeFiles/cocos2d.dir/3d/CCObjLoader.cpp.o
[54/754] Building CXX object engine/cocos/core/CMakeFiles/cocos2d.dir/physics/CCPhysicsContact.cpp.o
[55/754] Building CXX object engine/cocos/core/CMakeFiles/cocos2d.dir/platform/android/CCEnhanceAPI-android.cpp.o
[56/754] Building CXX object engine/cocos/core/CMakeFiles/cocos2d.dir/platform/CCThread.cpp.o
[57/754] Building CXX object engine/cocos/core/CMakeFiles/cocos2d.dir/physics/CCPhysicsBody.cpp.o
[58/754] Building CXX object engine/cocos/core/CMakeFiles/cocos2d.dir/platform/android/CCCommon-android.cpp.o
[59/754] Building CXX object engine/cocos/core/CMakeFiles/cocos2d.dir/platform/CCDataManager.cpp.o
[60/754] Building CXX object engine/cocos/core/CMakeFiles/cocos2d.dir/platform/CCGLView.cpp.o
[61/754] Building CXX object engine/cocos/core/CMakeFiles/cocos2d.dir/physics/CCPhysicsWorld.cpp.o
[62/754] Building CXX object engine/cocos/core/CMakeFiles/cocos2d.dir/3d/CCSprite3DMaterial.cpp.o
[63/754] Building CXX object engine/cocos/core/CMakeFiles/cocos2d.dir/platform/android/CCGLViewImpl-android.cpp.o
[64/754] Building CXX object engine/cocos/core/CMakeFiles/cocos2d.dir/renderer/CCPrimitive.cpp.o
[65/754] Building CXX object engine/cocos/core/CMakeFiles/cocos2d.dir/platform/CCImage.cpp.o
[66/754] Building CXX object engine/cocos/core/CMakeFiles/cocos2d.dir/platform/android/CCFileUtils-android.cpp.o
[67/754] Building CXX object engine/cocos/core/CMakeFiles/cocos2d.dir/platform/android/CCApplication-android.cpp.o
[68/754] Building CXX object engine/cocos/core/CMakeFiles/cocos2d.dir/renderer/CCGLProgramStateCache.cpp.o
[69/754] Building CXX object engine/cocos/core/CMakeFiles/cocos2d.dir/3d/CCSprite3D.cpp.o
[70/754] Building CXX object engine/cocos/core/CMakeFiles/cocos2d.dir/renderer/CCPrimitiveCommand.cpp.o
[71/754] Building CXX object engine/cocos/core/CMakeFiles/cocos2d.dir/platform/CCSAXParser.cpp.o
[72/754] Building CXX object engine/cocos/core/CMakeFiles/cocos2d.dir/renderer/CCQuadCommand.cpp.o
[73/754] Building CXX object engine/cocos/core/CMakeFiles/cocos2d.dir/physics/CCPhysicsJoint.cpp.o
[74/754] Building CXX object engine/cocos/core/CMakeFiles/cocos2d.dir/renderer/CCPass.cpp.o
[75/754] Building CXX object engine/cocos/core/CMakeFiles/cocos2d.dir/renderer/CCMaterial.cpp.o
[76/754] Building CXX object engine/cocos/core/CMakeFiles/cocos2d.dir/renderer/CCGroupCommand.cpp.o
[77/754] Building CXX object engine/cocos/core/CMakeFiles/cocos2d.dir/3d/CCTerrain.cpp.o
[78/754] Building CXX object engine/cocos/core/CMakeFiles/cocos2d.dir/physics3d/CCPhysics3DConstraint.cpp.o
[79/754] Building CXX object engine/cocos/core/CMakeFiles/cocos2d.dir/renderer/CCMeshCommand.cpp.o
[80/754] Building CXX object engine/cocos/core/CMakeFiles/cocos2d.dir/physics3d/CCPhysics3DComponent.cpp.o
[81/754] Building CXX object engine/cocos/core/CMakeFiles/cocos2d.dir/math/MathUtil.cpp.o
[82/754] Building CXX object engine/cocos/core/CMakeFiles/cocos2d.dir/math/CCGeometry.cpp.o
[83/754] Building CXX object engine/cocos/core/CMakeFiles/cocos2d.dir/math/TransformUtils.cpp.o
[84/754] Building CXX object engine/cocos/core/CMakeFiles/cocos2d.dir/math/Vec2.cpp.o
[85/754] Building CXX object engine/cocos/core/CMakeFiles/cocos2d.dir/math/Mat4.cpp.o
[86/754] Building CXX object engine/cocos/core/CMakeFiles/cocos2d.dir/physics3d/CCPhysics3D.cpp.o
[87/754] Building CXX object engine/cocos/core/CMakeFiles/cocos2d.dir/math/CCAffineTransform.cpp.o
[88/754] Building CXX object engine/cocos/core/CMakeFiles/cocos2d.dir/math/Quaternion.cpp.o
[89/754] Building CXX object engine/cocos/core/CMakeFiles/cocos2d.dir/physics3d/CCPhysics3DObject.cpp.o
[90/754] Building CXX object engine/cocos/core/CMakeFiles/cocos2d.dir/math/CCVertex.cpp.o
[91/754] Building CXX object engine/cocos/core/CMakeFiles/cocos2d.dir/physics3d/CCPhysics3DWorld.cpp.o
[92/754] Building CXX object engine/cocos/core/CMakeFiles/cocos2d.dir/physics3d/CCPhysicsSprite3D.cpp.o
[93/754] Building CXX object engine/cocos/core/CMakeFiles/cocos2d.dir/physics3d/CCPhysics3DShape.cpp.o
[94/754] Building CXX object engine/cocos/core/CMakeFiles/cocos2d.dir/math/Vec4.cpp.o
[95/754] Building CXX object engine/cocos/core/CMakeFiles/cocos2d.dir/base/CCEventKeyboard.cpp.o
[96/754] Building CXX object engine/cocos/core/CMakeFiles/cocos2d.dir/physics3d/CCPhysics3DDebugDrawer.cpp.o
[97/754] Building CXX object engine/cocos/core/CMakeFiles/cocos2d.dir/base/CCEventController.cpp.o
[98/754] Building CXX object engine/cocos/core/CMakeFiles/cocos2d.dir/base/CCEvent.cpp.o
[99/754] Building CXX object engine/cocos/core/CMakeFiles/cocos2d.dir/navmesh/CCNavMeshUtils.cpp.o
[100/754] Building CXX object engine/cocos/core/CMakeFiles/cocos2d.dir/base/CCEventFocus.cpp.o
[101/754] Building CXX object engine/cocos/core/CMakeFiles/cocos2d.dir/math/Vec3.cpp.o
[102/754] Building CXX object engine/cocos/core/CMakeFiles/cocos2d.dir/renderer/CCBatchCommand.cpp.o
[103/754] Building CXX object engine/cocos/core/CMakeFiles/cocos2d.dir/navmesh/CCNavMeshObstacle.cpp.o
[104/754] Building CXX object engine/cocos/core/CMakeFiles/cocos2d.dir/base/CCEventCustom.cpp.o
[105/754] Building CXX object engine/cocos/core/CMakeFiles/cocos2d.dir/renderer/CCCustomCommand.cpp.o
[106/754] Building CXX object engine/cocos/core/CMakeFiles/cocos2d.dir/navmesh/CCNavMeshDebugDraw.cpp.o
[107/754] Building CXX object engine/cocos/core/CMakeFiles/cocos2d.dir/navmesh/CCNavMeshAgent.cpp.o
[108/754] Building CXX object engine/cocos/core/CMakeFiles/cocos2d.dir/navmesh/CCNavMesh.cpp.o
[109/754] Building CXX object engine/cocos/core/CMakeFiles/cocos2d.dir/renderer/ccShaders.cpp.o
[110/754] Building CXX object engine/cocos/core/CMakeFiles/cocos2d.dir/base/CCEventListener.cpp.o
[111/754] Building CXX object engine/cocos/core/CMakeFiles/cocos2d.dir/base/CCEventAcceleration.cpp.o
[112/754] Building CXX object engine/cocos/core/CMakeFiles/cocos2d.dir/vr/CCVRDistortion.cpp.o
[113/754] Building CXX object engine/cocos/core/CMakeFiles/cocos2d.dir/platform/CCFileUtils.cpp.o
[114/754] Building CXX object engine/cocos/core/CMakeFiles/cocos2d.dir/renderer/CCVertexIndexData.cpp.o
[115/754] Building CXX object engine/cocos/core/CMakeFiles/cocos2d.dir/renderer/CCTechnique.cpp.o
[116/754] Building CXX object engine/cocos/core/CMakeFiles/cocos2d.dir/renderer/CCGLProgram.cpp.o
[117/754] Building CXX object engine/cocos/core/CMakeFiles/cocos2d.dir/renderer/CCRenderState.cpp.o
[118/754] Building CXX object engine/cocos/core/CMakeFiles/cocos2d.dir/renderer/CCRenderCommand.cpp.o
[119/754] Building CXX object engine/cocos/core/CMakeFiles/cocos2d.dir/renderer/CCGLProgramState.cpp.o
[120/754] Building CXX object engine/cocos/core/CMakeFiles/cocos2d.dir/renderer/CCGLProgramCache.cpp.o
[121/754] Building CXX object engine/cocos/core/CMakeFiles/cocos2d.dir/renderer/CCTextureCube.cpp.o
[122/754] Building CXX object engine/cocos/core/CMakeFiles/cocos2d.dir/vr/CCVRDistortionMesh.cpp.o
[123/754] Building CXX object engine/cocos/core/CMakeFiles/cocos2d.dir/renderer/CCTexture2D.cpp.o
[124/754] Building CXX object engine/cocos/core/CMakeFiles/cocos2d.dir/renderer/ccGLStateCache.cpp.o
[125/754] Building CXX object engine/cocos/core/CMakeFiles/cocos2d.dir/renderer/CCTextureCache.cpp.o
[126/754] Building CXX object engine/cocos/core/CMakeFiles/cocos2d.dir/renderer/CCTextureAtlas.cpp.o
[127/754] Building CXX object engine/cocos/core/CMakeFiles/cocos2d.dir/base/CCAutoreleasePool.cpp.o
[128/754] Building CXX object engine/cocos/core/CMakeFiles/cocos2d.dir/renderer/CCTrianglesCommand.cpp.o
[129/754] Building CXX object engine/cocos/core/CMakeFiles/cocos2d.dir/renderer/CCRenderer.cpp.o
[130/754] Building CXX object engine/cocos/core/CMakeFiles/cocos2d.dir/renderer/CCFrameBuffer.cpp.o
[131/754] Building CXX object engine/cocos/core/CMakeFiles/cocos2d.dir/renderer/CCVertexIndexBuffer.cpp.o
[132/754] Building CXX object engine/cocos/core/CMakeFiles/cocos2d.dir/renderer/CCVertexAttribBinding.cpp.o
[133/754] Building CXX object engine/cocos/core/CMakeFiles/cocos2d.dir/base/CCEventDispatcher.cpp.o
[134/754] Building CXX object engine/cocos/core/CMakeFiles/cocos2d.dir/vr/CCVRGenericHeadTracker.cpp.o
[135/754] Building CXX object engine/cocos/core/CMakeFiles/cocos2d.dir/base/CCController.cpp.o
[136/754] Building CXX object engine/cocos/core/CMakeFiles/cocos2d.dir/base/CCAsyncTaskPool.cpp.o
[137/754] Building CXX object engine/cocos/core/CMakeFiles/cocos2d.dir/vr/CCVRGenericRenderer.cpp.o
[138/754] Building CXX object engine/cocos/core/CMakeFiles/cocos2d.dir/base/CCData.cpp.o
[139/754] Building C object engine/cocos/core/CMakeFiles/cocos2d.dir/editor-support/spine/extension.c.o
[140/754] Building C object engine/cocos/core/CMakeFiles/cocos2d.dir/editor-support/spine/VertexEffect.c.o
[141/754] Building C object engine/cocos/core/CMakeFiles/cocos2d.dir/editor-support/spine/VertexAttachment.c.o
[142/754] Building CXX object engine/cocos/core/CMakeFiles/cocos2d.dir/base/CCDataVisitor.cpp.o
[143/754] Building CXX object engine/cocos/core/CMakeFiles/cocos2d.dir/base/CCNinePatchImageParser.cpp.o
[144/754] Building CXX object engine/cocos/core/CMakeFiles/cocos2d.dir/base/CCConfiguration.cpp.o
[145/754] Building CXX object engine/cocos/core/CMakeFiles/cocos2d.dir/__/extensions/Particle3D/PU/CCPUBoxCollider.cpp.o
[146/754] Building CXX object engine/cocos/core/CMakeFiles/cocos2d.dir/__/extensions/Particle3D/PU/CCPUBaseForceAffector.cpp.o
[147/754] Building CXX object engine/cocos/core/CMakeFiles/cocos2d.dir/__/extensions/Particle3D/PU/CCPUColorAffector.cpp.o
[148/754] Building CXX object engine/cocos/core/CMakeFiles/cocos2d.dir/__/extensions/Particle3D/PU/CCPUBoxColliderTranslator.cpp.o
[149/754] Building CXX object engine/cocos/core/CMakeFiles/cocos2d.dir/__/extensions/Particle3D/PU/CCPUCollisionAvoidanceAffector.cpp.o
[150/754] Building CXX object engine/cocos/core/CMakeFiles/cocos2d.dir/__/extensions/Particle3D/PU/CCPUBaseForceAffectorTranslator.cpp.o
[151/754] Building CXX object engine/cocos/core/CMakeFiles/cocos2d.dir/__/extensions/Particle3D/PU/CCPUCollisionAvoidanceAffectorTranslator.cpp.o
[152/754] Building CXX object engine/cocos/core/CMakeFiles/cocos2d.dir/__/extensions/GUI/CCControlExtension/CCControlHuePicker.cpp.o
[153/754] Building CXX object engine/cocos/core/CMakeFiles/cocos2d.dir/__/extensions/GUI/CCControlExtension/CCControlPotentiometer.cpp.o
[154/754] Building CXX object engine/cocos/core/CMakeFiles/cocos2d.dir/__/extensions/GUI/CCControlExtension/CCControlColourPicker.cpp.o
[155/754] Building CXX object engine/cocos/core/CMakeFiles/cocos2d.dir/__/extensions/assets-manager/CCEventAssetsManagerEx.cpp.o
[156/754] Building CXX object engine/cocos/core/CMakeFiles/cocos2d.dir/base/CCDirector.cpp.o
[157/754] Building CXX object engine/cocos/core/CMakeFiles/cocos2d.dir/__/extensions/assets-manager/AssetsManager.cpp.o
[158/754] Building CXX object engine/cocos/core/CMakeFiles/cocos2d.dir/__/extensions/GUI/CCControlExtension/CCControlButton.cpp.o
[159/754] Building CXX object engine/cocos/core/CMakeFiles/cocos2d.dir/__/extensions/GUI/CCControlExtension/CCControlSlider.cpp.o
[160/754] Building CXX object engine/cocos/core/CMakeFiles/cocos2d.dir/__/extensions/GUI/CCControlExtension/CCControlSwitch.cpp.o
[161/754] Building CXX object engine/cocos/core/CMakeFiles/cocos2d.dir/__/extensions/assets-manager/CCEventListenerAssetsManagerEx.cpp.o
[162/754] Building CXX object engine/cocos/core/CMakeFiles/cocos2d.dir/__/extensions/GUI/CCControlExtension/CCControlUtils.cpp.o
[163/754] Building CXX object engine/cocos/core/CMakeFiles/cocos2d.dir/base/CCConsole.cpp.o
[164/754] Building CXX object engine/cocos/core/CMakeFiles/cocos2d.dir/__/extensions/assets-manager/AssetsManagerEx.cpp.o
[165/754] Building CXX object engine/cocos/core/CMakeFiles/cocos2d.dir/editor-support/spine/spine-cocos2dx.cpp.o
[166/754] Building CXX object engine/cocos/core/CMakeFiles/cocos2d.dir/__/extensions/GUI/CCControlExtension/CCControl.cpp.o
[167/754] Building CXX object engine/cocos/core/CMakeFiles/cocos2d.dir/__/extensions/GUI/CCControlExtension/CCControlStepper.cpp.o
[168/754] Building CXX object engine/cocos/core/CMakeFiles/cocos2d.dir/__/extensions/Particle3D/CCParticle3DEmitter.cpp.o
[169/754] Building CXX object engine/cocos/core/CMakeFiles/cocos2d.dir/__/extensions/GUI/CCControlExtension/CCInvocation.cpp.o
[170/754] Building CXX object engine/cocos/core/CMakeFiles/cocos2d.dir/__/extensions/GUI/CCScrollView/CCScrollView.cpp.o
[171/754] Building CXX object engine/cocos/core/CMakeFiles/cocos2d.dir/__/extensions/GUI/CCControlExtension/CCControlSaturationBrightnessPicker.cpp.o
[172/754] Building CXX object engine/cocos/core/CMakeFiles/cocos2d.dir/__/extensions/assets-manager/Manifest.cpp.o
[173/754] Building CXX object engine/cocos/core/CMakeFiles/cocos2d.dir/__/extensions/Particle3D/CCParticle3DAffector.cpp.o
[174/754] Building CXX object engine/cocos/core/CMakeFiles/cocos2d.dir/__/extensions/GUI/CCScrollView/CCTableViewCell.cpp.o
[175/754] Building CXX object engine/cocos/core/CMakeFiles/cocos2d.dir/__/extensions/physics-nodes/CCPhysicsDebugNode.cpp.o
[176/754] Building CXX object engine/cocos/core/CMakeFiles/cocos2d.dir/__/extensions/Particle3D/PU/CCPUForceField.cpp.o
[177/754] Building CXX object engine/cocos/core/CMakeFiles/cocos2d.dir/__/extensions/physics-nodes/CCPhysicsSprite.cpp.o
[178/754] Building CXX object engine/cocos/core/CMakeFiles/cocos2d.dir/__/extensions/Particle3D/PU/CCPUDynamicAttributeTranslator.cpp.o
[179/754] Building CXX object engine/cocos/core/CMakeFiles/cocos2d.dir/__/extensions/GUI/CCScrollView/CCTableView.cpp.o
[180/754] Building CXX object engine/cocos/core/CMakeFiles/cocos2d.dir/__/extensions/Particle3D/PU/CCPUDynamicAttribute.cpp.o
[181/754] Building CXX object engine/cocos/core/CMakeFiles/cocos2d.dir/__/extensions/Particle3D/CCParticleSystem3D.cpp.o
[182/754] Building CXX object engine/cocos/core/CMakeFiles/cocos2d.dir/__/extensions/Particle3D/PU/CCPUMaterialTranslator.cpp.o
[183/754] Building CXX object engine/cocos/core/CMakeFiles/cocos2d.dir/__/extensions/Particle3D/PU/CCPUScriptLexer.cpp.o
[184/754] Building CXX object engine/cocos/core/CMakeFiles/cocos2d.dir/__/extensions/Particle3D/PU/CCPUPlane.cpp.o
[185/754] Building CXX object engine/cocos/core/CMakeFiles/cocos2d.dir/__/extensions/Particle3D/PU/CCPUScriptTranslator.cpp.o
[186/754] Building CXX object engine/cocos/core/CMakeFiles/cocos2d.dir/__/extensions/Particle3D/PU/CCPUMaterialManager.cpp.o
[187/754] Building CXX object engine/cocos/core/CMakeFiles/cocos2d.dir/__/extensions/Particle3D/PU/CCPURendererTranslator.cpp.o
[188/754] Building CXX object engine/cocos/core/CMakeFiles/cocos2d.dir/__/extensions/Particle3D/PU/CCPUScriptParser.cpp.o
[189/754] Building CXX object engine/cocos/core/CMakeFiles/cocos2d.dir/__/extensions/Particle3D/PU/CCPUNoise.cpp.o
[190/754] Building CXX object engine/cocos/core/CMakeFiles/cocos2d.dir/__/extensions/Particle3D/CCParticle3DRender.cpp.o
[191/754] Building CXX object engine/cocos/core/CMakeFiles/cocos2d.dir/__/extensions/Particle3D/PU/CCPUSphere.cpp.o
[192/754] Building CXX object engine/cocos/core/CMakeFiles/cocos2d.dir/__/extensions/Particle3D/PU/CCPUUtil.cpp.o
[193/754] Building CXX object engine/cocos/core/CMakeFiles/cocos2d.dir/__/extensions/Particle3D/PU/CCPUSimpleSpline.cpp.o
[194/754] Building CXX object engine/cocos/core/CMakeFiles/cocos2d.dir/__/extensions/Particle3D/PU/CCPUParticleSystem3DTranslator.cpp.o
[195/754] Building CXX object engine/cocos/core/CMakeFiles/cocos2d.dir/__/extensions/Particle3D/PU/CCPUTranslateManager.cpp.o
[196/754] Building CXX object engine/cocos/core/CMakeFiles/cocos2d.dir/__/extensions/Particle3D/PU/CCPUAlignAffector.cpp.o
[197/754] Building CXX object engine/cocos/core/CMakeFiles/cocos2d.dir/__/extensions/Particle3D/PU/CCPUTechniqueTranslator.cpp.o
[198/754] Building CXX object engine/cocos/core/CMakeFiles/cocos2d.dir/__/extensions/Particle3D/PU/CCPUAffectorTranslator.cpp.o
[199/754] Building CXX object engine/cocos/core/CMakeFiles/cocos2d.dir/__/extensions/Particle3D/PU/CCPUListener.cpp.o
[200/754] Building CXX object engine/cocos/core/CMakeFiles/cocos2d.dir/__/extensions/Particle3D/PU/CCPUAffectorManager.cpp.o
[201/754] Building CXX object engine/cocos/core/CMakeFiles/cocos2d.dir/__/extensions/Particle3D/PU/CCPUScriptCompiler.cpp.o
[202/754] Building CXX object engine/cocos/core/CMakeFiles/cocos2d.dir/__/extensions/Particle3D/PU/CCPUBaseCollider.cpp.o
[203/754] Building CXX object engine/cocos/core/CMakeFiles/cocos2d.dir/__/extensions/Particle3D/PU/CCPUAlignAffectorTranslator.cpp.o
[204/754] Building CXX object engine/cocos/core/CMakeFiles/cocos2d.dir/__/extensions/Particle3D/PU/CCPUAffector.cpp.o
[205/754] Building CXX object engine/cocos/core/CMakeFiles/cocos2d.dir/__/extensions/Particle3D/PU/CCPUBaseColliderTranslator.cpp.o
[206/754] Building CXX object CMakeFiles/MyGame.dir/Classes/MapPortal.cpp.o
[207/754] Building CXX object engine/cocos/core/CMakeFiles/cocos2d.dir/__/extensions/Particle3D/PU/CCPUParticleSystem3D.cpp.o
[208/754] Building CXX object CMakeFiles/MyGame.dir/Classes/HelloWorldScene.cpp.o
In file included from ../../../../../../Classes/HelloWorldScene.cpp:2:
../../../../../../Classes/GameScene.h:15:18: warning: 'init' overrides a member function but is not marked 'override' [-Winconsistent-missing-override]
    virtual bool init();
                 ^
../../../../../../cocos2d/cocos/2d/CCScene.h:142:10: note: overridden virtual function is here
    bool init() override;
         ^
1 warning generated.
[209/754] Building CXX object CMakeFiles/MyGame.dir/Classes/CropData.cpp.o
[210/754] Building CXX object CMakeFiles/MyGame.dir/Classes/AppDelegate.cpp.o
In file included from ../../../../../../Classes/AppDelegate.cpp:28:
../../../../../../Classes/TimeDisplayScene.h:13:18: warning: 'init' overrides a member function but is not marked 'override' [-Winconsistent-missing-override]
    virtual bool init();
                 ^
../../../../../../cocos2d/cocos/2d/CCScene.h:142:10: note: overridden virtual function is here
    bool init() override;
         ^
1 warning generated.
[211/754] Building CXX object CMakeFiles/MyGame.dir/Classes/MoneyManager.cpp.o
[212/754] Building CXX object CMakeFiles/MyGame.dir/Classes/InventoryManager.cpp.o
../../../../../../Classes/InventoryManager.cpp:62:26: warning: illegal character encoding in string literal [-Winvalid-source-encoding]
    slime_mud->name = "?<C0><B3>?<C4><E0>";
                        ^~~~~~~~ ~~~~~~~~
../../../../../../Classes/InventoryManager.cpp:71:21: warning: illegal character encoding in string literal [-Winvalid-source-encoding]
    fish_1->name = "<D3><E3><BB><F1>_1";
                    ^~~~~~~~~~~~~~~~
../../../../../../Classes/InventoryManager.cpp:80:21: warning: illegal character encoding in string literal [-Winvalid-source-encoding]
    fish_2->name = "<D3><E3><BB><F1>_2";
                    ^~~~~~~~~~~~~~~~
../../../../../../Classes/InventoryManager.cpp:89:21: warning: illegal character encoding in string literal [-Winvalid-source-encoding]
    fish_3->name = "<D3><E3><BB><F1>_3";
                    ^~~~~~~~~~~~~~~~
../../../../../../Classes/InventoryManager.cpp:107:22: warning: illegal character encoding in string literal [-Winvalid-source-encoding]
    parsnip->name = "<B7><C0><B7><E7><B2>?<FB>?";
                     ^~~~~~~~~~~~~~~~~~~~ ~~~~
../../../../../../Classes/InventoryManager.cpp:116:26: warning: illegal character encoding in string literal [-Winvalid-source-encoding]
    cauliflower->name = "<CE><F7><C0><B6><BB><A8><B9><FB>?";
                         ^~~~~~~~~~~~~~~~~~~~~~~~~~~~~~~~
../../../../../../Classes/InventoryManager.cpp:125:20: warning: illegal character encoding in string literal [-Winvalid-source-encoding]
    wheat->name = "<B3><C9><CA><EC><B5><C4><C2><F3>";
                   ^~~~~~~~~~~~~~~~~~~~~~~~ ~~~~~~~~
../../../../../../Classes/InventoryManager.cpp:134:21: warning: illegal character encoding in string literal [-Winvalid-source-encoding]
    potato->name = "<B3><C9><CA><EC><B5><C4><CD><C1><B6><B9>";
                    ^~~~~~~~~~~~~~~~~~~~~~~~~~~~~~~~~~~~~~~~
../../../../../../Classes/InventoryManager.cpp:143:20: warning: illegal character encoding in string literal [-Winvalid-source-encoding]
    axe->name = "?<B8><AB>";
                  ^~~~~~~~
../../../../../../Classes/InventoryManager.cpp:150:19: warning: illegal character encoding in string literal [-Winvalid-source-encoding]
    pole->name = "<B5><F6><D3><E3><B8><CD>";
                  ^~~~~~~~~~~~~~~~~~~~~~~~
../../../../../../Classes/InventoryManager.cpp:157:18: warning: illegal character encoding in string literal [-Winvalid-source-encoding]
    hoe->name = "<B3><FA>?";
                 ^~~~~~~~
../../../../../../Classes/InventoryManager.cpp:164:23: warning: illegal character encoding in string literal [-Winvalid-source-encoding]
    kettle->name = "?<BA><F8>";
                     ^~~~~~~~
12 warnings generated.
[213/754] Building CXX object CMakeFiles/MyGame.dir/Classes/MainMapLogic.cpp.o
[214/754] Building CXX object CMakeFiles/MyGame.dir/Classes/DiagueBox.cpp.o
[215/754] Building CXX object CMakeFiles/MyGame.dir/Classes/Daylight.cpp.o
[216/754] Building CXX object CMakeFiles/MyGame.dir/Classes/GameWorld.cpp.o
FAILED: CMakeFiles/MyGame.dir/Classes/GameWorld.cpp.o 
D:\Users\AndroidSDK\Sdk\ndk\21.3.6528147\toolchains\llvm\prebuilt\windows-x86_64\bin\clang++.exe --target=armv7-none-linux-androideabi16 --gcc-toolchain=D:/Users/AndroidSDK/Sdk/ndk/21.3.6528147/toolchains/llvm/prebuilt/windows-x86_64 --sysroot=D:/Users/AndroidSDK/Sdk/ndk/21.3.6528147/toolchains/llvm/prebuilt/windows-x86_64/sysroot  -DANDROID -DCOCOS2D_DEBUG=1 -DLWS_WITH_LIBUV -DMyGame_EXPORTS -DUSE_FILE32API -I../../../../../../Classes -I../../../../../../cocos2d/cocos/audio/include -I../../../../../../cocos2d -I../../../../../../cocos2d/cocos -I../../../../../../cocos2d/extensions -I../../../../../../cocos2d/cocos/platform -I../../../../../../cocos2d/cocos/base -I../../../../../../cocos2d/cocos/editor-support -I../../../../../../cocos2d/cocos/platform/android -isystem ../../../../../../cocos2d/external/Box2D/include -isystem ../../../../../../cocos2d/external/chipmunk/include -isystem ../../../../../../cocos2d/external/freetype2/include/android/freetype2 -I../../../../../../cocos2d/external/recast/.. -isystem ../../../../../../cocos2d/external/jpeg/include/android -isystem ../../../../../../cocos2d/external/uv/include -isystem ../../../../../../cocos2d/external/webp/include/android -isystem ../../../../../../cocos2d/external/bullet/include -isystem ../../../../../../cocos2d/external/bullet/include/bullet -isystem ../../../../../../cocos2d/external/openssl/include/android -isystem ../../../../../../cocos2d/external/tiff/include/android -isystem ../../../../../../cocos2d/external/websockets/include/android -I../../../../../../cocos2d/external/tinyxml2/. -I../../../../../../cocos2d/external/xxhash/. -I../../../../../../cocos2d/external/xxtea/. -I../../../../../../cocos2d/external/clipper/. -I../../../../../../cocos2d/external/edtaa3func/. -I../../../../../../cocos2d/external/ConvertUTF/. -I../../../../../../cocos2d/external/poly2tri/.. -I../../../../../../cocos2d/external/md5/.. -isystem ../../../../../../cocos2d/external/curl/include/android -isystem ../../../../../../cocos2d/external/png/include/android -ID:/Users/AndroidSDK/Sdk/ndk/21.3.6528147/sources/android/cpufeatures -I../../../../../../cocos2d/external/android-specific/pvmp3dec/include -I../../../../../../cocos2d/external/android-specific/pvmp3dec/src -I../../../../../../cocos2d/external/android-specific/tremolo/. -isystem ../../../../../../cocos2d/external/zlib/include -I../../../../../../cocos2d/external/unzip/. -g -DANDROID -fdata-sections -ffunction-sections -funwind-tables -fstack-protector-strong -no-canonical-prefixes -D_FORTIFY_SOURCE=2 -march=armv7-a -mthumb -Wformat -Werror=format-security  -frtti -fexceptions -fsigned-char -O0 -fno-limit-debug-info  -fPIC   -std=gnu++11 -MD -MT CMakeFiles/MyGame.dir/Classes/GameWorld.cpp.o -MF CMakeFiles\MyGame.dir\Classes\GameWorld.cpp.o.d -o CMakeFiles/MyGame.dir/Classes/GameWorld.cpp.o -c ../../../../../../Classes/GameWorld.cpp
In file included from ../../../../../../Classes/GameWorld.cpp:9:
../../../../../../Classes/GameScene.h:15:18: warning: 'init' overrides a member function but is not marked 'override' [-Winconsistent-missing-override]
    virtual bool init();
                 ^
../../../../../../cocos2d/cocos/2d/CCScene.h:142:10: note: overridden virtual function is here
    bool init() override;
         ^
../../../../../../Classes/GameWorld.cpp:13:25: warning: extra tokens at end of #include directive [-Wextra-tokens]
#include "FishingGame.h"`
                        ^
                        //
../../../../../../Classes/GameWorld.cpp:373:23: error: no member named 'make_unique' in namespace 'std'
        _logic = std::make_unique<MainMapLogic>();
                 ~~~~~^
../../../../../../Classes/GameWorld.cpp:373:35: error: 'MainMapLogic' does not refer to a value
        _logic = std::make_unique<MainMapLogic>();
                                  ^
../../../../../../Classes/MainMapLogic.h:6:7: note: declared here
class MainMapLogic : public MapLogic {
      ^
../../../../../../Classes/GameWorld.cpp:373:49: error: expected expression
        _logic = std::make_unique<MainMapLogic>();
                                                ^
../../../../../../Classes/GameWorld.cpp:375:23: error: no member named 'make_unique' in namespace 'std'
        _logic = std::make_unique<HomeLogic>();
                 ~~~~~^
../../../../../../Classes/GameWorld.cpp:375:35: error: 'HomeLogic' does not refer to a value
        _logic = std::make_unique<HomeLogic>();
                                  ^
../../../../../../Classes/HomeLogic.h:7:7: note: declared here
class HomeLogic : public MapLogic {
      ^
../../../../../../Classes/GameWorld.cpp:375:46: error: expected expression
        _logic = std::make_unique<HomeLogic>();
                                             ^
../../../../../../Classes/GameWorld.cpp:377:23: error: no member named 'make_unique' in namespace 'std'
        _logic = std::make_unique<ShopLogic>();
                 ~~~~~^
../../../../../../Classes/GameWorld.cpp:377:35: error: 'ShopLogic' does not refer to a value
        _logic = std::make_unique<ShopLogic>();
                                  ^
../../../../../../Classes/ShopLogic.h:7:7: note: declared here
class ShopLogic : public MapLogic {
      ^
../../../../../../Classes/GameWorld.cpp:377:46: error: expected expression
        _logic = std::make_unique<ShopLogic>();
                                             ^
../../../../../../Classes/GameWorld.cpp:379:23: error: no member named 'make_unique' in namespace 'std'
        _logic = std::make_unique<NPC1HouseLogic>();
                 ~~~~~^
../../../../../../Classes/GameWorld.cpp:379:35: error: 'NPC1HouseLogic' does not refer to a value
        _logic = std::make_unique<NPC1HouseLogic>();
                                  ^
../../../../../../Classes/NPC1HouseLogic.h:7:7: note: declared here
class NPC1HouseLogic : public MapLogic {
      ^
../../../../../../Classes/GameWorld.cpp:379:51: error: expected expression
        _logic = std::make_unique<NPC1HouseLogic>();
                                                  ^
../../../../../../Classes/GameWorld.cpp:381:23: error: no member named 'make_unique' in namespace 'std'
        _logic = std::make_unique<NPC2HouseLogic>();
                 ~~~~~^
../../../../../../Classes/GameWorld.cpp:381:35: error: 'NPC2HouseLogic' does not refer to a value
        _logic = std::make_unique<NPC2HouseLogic>();
                                  ^
../../../../../../Classes/NPC2HouseLogic.h:7:7: note: declared here
class NPC2HouseLogic : public MapLogic {
      ^
../../../../../../Classes/GameWorld.cpp:381:51: error: expected expression
        _logic = std::make_unique<NPC2HouseLogic>();
                                                  ^
../../../../../../Classes/GameWorld.cpp:383:23: error: no member named 'make_unique' in namespace 'std'
        _logic = std::make_unique<MineLogic>();
                 ~~~~~^
../../../../../../Classes/GameWorld.cpp:383:35: error: 'MineLogic' does not refer to a value
        _logic = std::make_unique<MineLogic>();
                                  ^
../../../../../../Classes/MineLogic.h:8:7: note: declared here
class MineLogic : public MapLogic {
      ^
../../../../../../Classes/GameWorld.cpp:383:46: error: expected expression
        _logic = std::make_unique<MineLogic>();
                                             ^
2 warnings and 18 errors generated.
[217/754] Building CXX object CMakeFiles/MyGame.dir/Classes/Hotbar.cpp.o
[218/754] Building CXX object CMakeFiles/MyGame.dir/Classes/GameScene.cpp.o
In file included from ../../../../../../Classes/GameScene.cpp:2:
../../../../../../Classes/BagScene.h:18:10: warning: 'onTouchBegan' overrides a member function but is not marked 'override' [-Winconsistent-missing-override]
    bool onTouchBegan(cocos2d::Touch* touch, cocos2d::Event* event);
         ^
../../../../../../cocos2d/cocos\2d/CCLayer.h:93:18: note: overridden virtual function is here
    virtual bool onTouchBegan(Touch *touch, Event *unused_event);
                 ^
In file included from ../../../../../../Classes/GameScene.cpp:2:
../../../../../../Classes/BagScene.h:19:10: warning: 'onTouchMoved' overrides a member function but is not marked 'override' [-Winconsistent-missing-override]
    void onTouchMoved(cocos2d::Touch* touch, cocos2d::Event* event);
         ^
../../../../../../cocos2d/cocos\2d/CCLayer.h:100:18: note: overridden virtual function is here
    virtual void onTouchMoved(Touch *touch, Event *unused_event);
                 ^
In file included from ../../../../../../Classes/GameScene.cpp:2:
../../../../../../Classes/BagScene.h:20:10: warning: 'onTouchEnded' overrides a member function but is not marked 'override' [-Winconsistent-missing-override]
    void onTouchEnded(cocos2d::Touch* touch, cocos2d::Event* event);
         ^
../../../../../../cocos2d/cocos\2d/CCLayer.h:107:18: note: overridden virtual function is here
    virtual void onTouchEnded(Touch *touch, Event *unused_event);
                 ^
In file included from ../../../../../../Classes/GameScene.cpp:3:
../../../../../../Classes/GameScene.h:15:18: warning: 'init' overrides a member function but is not marked 'override' [-Winconsistent-missing-override]
    virtual bool init();
                 ^
../../../../../../cocos2d/cocos/2d/CCScene.h:142:10: note: overridden virtual function is here
    bool init() override;
         ^
In file included from ../../../../../../Classes/GameScene.cpp:6:
../../../../../../Classes/TimeDisplayScene.h:13:18: warning: 'init' overrides a member function but is not marked 'override' [-Winconsistent-missing-override]
    virtual bool init();
                 ^
../../../../../../cocos2d/cocos/2d/CCScene.h:142:10: note: overridden virtual function is here
    bool init() override;
         ^
5 warnings generated.
[219/754] Building CXX object CMakeFiles/MyGame.dir/Classes/HomeLogic.cpp.o
../../../../../../Classes/HomeLogic.cpp:10:19: warning: illegal character encoding in string literal [-Winvalid-source-encoding]
    cocos2d::log("<BD><F8><C8><EB><D6><F7><BD>?<D2>");
                  ^~~~~~~~~~~~~~~~~~~~~~~~~~~~ ~~~~
1 warning generated.
[220/754] Building CXX object CMakeFiles/MyGame.dir/Classes/BagScene.cpp.o
In file included from ../../../../../../Classes/BagScene.cpp:1:
../../../../../../Classes/BagScene.h:18:10: warning: 'onTouchBegan' overrides a member function but is not marked 'override' [-Winconsistent-missing-override]
    bool onTouchBegan(cocos2d::Touch* touch, cocos2d::Event* event);
         ^
../../../../../../cocos2d/cocos\2d/CCLayer.h:93:18: note: overridden virtual function is here
    virtual bool onTouchBegan(Touch *touch, Event *unused_event);
                 ^
In file included from ../../../../../../Classes/BagScene.cpp:1:
../../../../../../Classes/BagScene.h:19:10: warning: 'onTouchMoved' overrides a member function but is not marked 'override' [-Winconsistent-missing-override]
    void onTouchMoved(cocos2d::Touch* touch, cocos2d::Event* event);
         ^
../../../../../../cocos2d/cocos\2d/CCLayer.h:100:18: note: overridden virtual function is here
    virtual void onTouchMoved(Touch *touch, Event *unused_event);
                 ^
In file included from ../../../../../../Classes/BagScene.cpp:1:
../../../../../../Classes/BagScene.h:20:10: warning: 'onTouchEnded' overrides a member function but is not marked 'override' [-Winconsistent-missing-override]
    void onTouchEnded(cocos2d::Touch* touch, cocos2d::Event* event);
         ^
../../../../../../cocos2d/cocos\2d/CCLayer.h:107:18: note: overridden virtual function is here
    virtual void onTouchEnded(Touch *touch, Event *unused_event);
                 ^
In file included from ../../../../../../Classes/BagScene.cpp:2:
../../../../../../Classes/GameScene.h:15:18: warning: 'init' overrides a member function but is not marked 'override' [-Winconsistent-missing-override]
    virtual bool init();
                 ^
../../../../../../cocos2d/cocos/2d/CCScene.h:142:10: note: overridden virtual function is here
    bool init() override;
         ^
4 warnings generated.
[221/754] Building CXX object CMakeFiles/MyGame.dir/Classes/Player.cpp.o
In file included from ../../../../../../Classes/Player.cpp:3:
../../../../../../Classes/GameScene.h:15:18: warning: 'init' overrides a member function but is not marked 'override' [-Winconsistent-missing-override]
    virtual bool init();
                 ^
../../../../../../cocos2d/cocos/2d/CCScene.h:142:10: note: overridden virtual function is here
    bool init() override;
         ^
1 warning generated.
[222/754] Building CXX object CMakeFiles/MyGame.dir/Classes/Monster.cpp.o
[223/754] Building CXX object CMakeFiles/MyGame.dir/Classes/FishingGame.cpp.o
[224/754] Building CXX object CMakeFiles/MyGame.dir/Classes/MineLogic.cpp.o
In file included from ../../../../../../Classes/MineLogic.cpp:8:
../../../../../../Classes/TimeDisplayScene.h:13:18: warning: 'init' overrides a member function but is not marked 'override' [-Winconsistent-missing-override]
    virtual bool init();
                 ^
../../../../../../cocos2d/cocos/2d/CCScene.h:142:10: note: overridden virtual function is here
    bool init() override;
         ^
1 warning generated.
[225/754] Building CXX object CMakeFiles/MyGame.dir/Classes/NPCManager.cpp.o
[226/754] Building CXX object CMakeFiles/MyGame.dir/Classes/NPC1HouseLogic.cpp.o
../../../../../../Classes/NPC1HouseLogic.cpp:6:19: warning: illegal character encoding in string literal [-Winvalid-source-encoding]
    cocos2d::log("<BD><F8><C8><EB> NPC1 <BC><D2>");
                  ^~~~~~~~~~~~~~~~      ~~~~~~~~
../../../../../../Classes/NPC1HouseLogic.cpp:10:19: warning: illegal character encoding in string literal [-Winvalid-source-encoding]
    cocos2d::log("<D3><EB> NPC1 <B6>?<B0>");
                  ^~~~~~~~      ~~~~ ~~~~
2 warnings generated.
[227/754] Building CXX object CMakeFiles/MyGame.dir/Classes/NPC2HouseLogic.cpp.o
[228/754] Building CXX object CMakeFiles/MyGame.dir/Classes/NPC.cpp.o
[229/754] Building CXX object CMakeFiles/MyGame.dir/Classes/ShopLogic.cpp.o
[230/754] Building CXX object CMakeFiles/MyGame.dir/Classes/RockManager.cpp.o
[231/754] Building CXX object CMakeFiles/MyGame.dir/Classes/Pathfinding.cpp.o
[232/754] Building CXX object CMakeFiles/MyGame.dir/Classes/ReviveSystem.cpp.o
In file included from ../../../../../../Classes/ReviveSystem.cpp:2:
../../../../../../Classes/GameScene.h:15:18: warning: 'init' overrides a member function but is not marked 'override' [-Winconsistent-missing-override]
    virtual bool init();
                 ^
../../../../../../cocos2d/cocos/2d/CCScene.h:142:10: note: overridden virtual function is here
    bool init() override;
         ^
1 warning generated.
[233/754] Building CXX object CMakeFiles/MyGame.dir/Classes/ShopLayer.cpp.o
ninja: build stopped: subcommand failed.
:MyStardewGame:externalNativeBuildDebug FAILED
:MyStardewGame:externalNativeBuildDebug (Thread[Task worker for ':' Thread 13,5,main]) completed. Took 46.87 secs.
:libcocos2dx:platformAttrExtractor (Thread[Task worker for ':' Thread 12,5,main]) completed. Took 47.224 secs.
32 actionable tasks: 28 executed, 4 up-to-date
VCS Checkout Cache (D:\Users\MyProjects\MyStardewGame\proj.android\.gradle\vcsWorkingDirs) has not been cleaned up in 0 days
